{"C:\\Users\\ramir\\OneDrive\\Documents\\GitHub\\sdp25_unknown\\code\\frontend\\scripts\\allPatients.js": {"path":"C:\\Users\\ramir\\OneDrive\\Documents\\GitHub\\sdp25_unknown\\code\\frontend\\scripts\\allPatients.js","all":false,"statementMap":{"0":{"start":{"line":1,"column":0},"end":{"line":1,"column":58}},"2":{"start":{"line":3,"column":0},"end":{"line":3,"column":68}},"5":{"start":{"line":6,"column":0},"end":{"line":6,"column":33}},"7":{"start":{"line":8,"column":0},"end":{"line":8,"column":32}},"8":{"start":{"line":9,"column":0},"end":{"line":9,"column":67}},"9":{"start":{"line":10,"column":0},"end":{"line":10,"column":33}},"10":{"start":{"line":11,"column":0},"end":{"line":11,"column":26}},"11":{"start":{"line":12,"column":0},"end":{"line":12,"column":14}},"12":{"start":{"line":13,"column":0},"end":{"line":13,"column":6}},"13":{"start":{"line":14,"column":0},"end":{"line":14,"column":27}},"14":{"start":{"line":15,"column":0},"end":{"line":15,"column":31}},"15":{"start":{"line":16,"column":0},"end":{"line":16,"column":64}},"16":{"start":{"line":17,"column":0},"end":{"line":17,"column":13}},"17":{"start":{"line":18,"column":0},"end":{"line":18,"column":35}},"18":{"start":{"line":19,"column":0},"end":{"line":19,"column":10}},"19":{"start":{"line":20,"column":0},"end":{"line":20,"column":23}},"20":{"start":{"line":21,"column":0},"end":{"line":21,"column":59}},"21":{"start":{"line":22,"column":0},"end":{"line":22,"column":43}},"22":{"start":{"line":23,"column":0},"end":{"line":23,"column":38}},"23":{"start":{"line":24,"column":0},"end":{"line":24,"column":81}},"25":{"start":{"line":26,"column":0},"end":{"line":26,"column":41}},"27":{"start":{"line":28,"column":0},"end":{"line":28,"column":45}},"28":{"start":{"line":29,"column":0},"end":{"line":29,"column":61}},"30":{"start":{"line":31,"column":0},"end":{"line":31,"column":57}},"31":{"start":{"line":32,"column":0},"end":{"line":32,"column":44}},"32":{"start":{"line":33,"column":0},"end":{"line":33,"column":50}},"33":{"start":{"line":34,"column":0},"end":{"line":34,"column":62}},"34":{"start":{"line":35,"column":0},"end":{"line":35,"column":78}},"35":{"start":{"line":36,"column":0},"end":{"line":36,"column":47}},"36":{"start":{"line":37,"column":0},"end":{"line":37,"column":47}},"37":{"start":{"line":38,"column":0},"end":{"line":38,"column":59}},"38":{"start":{"line":39,"column":0},"end":{"line":39,"column":29}},"39":{"start":{"line":40,"column":0},"end":{"line":40,"column":68}},"40":{"start":{"line":41,"column":0},"end":{"line":41,"column":42}},"41":{"start":{"line":42,"column":0},"end":{"line":42,"column":42}},"42":{"start":{"line":43,"column":0},"end":{"line":43,"column":54}},"43":{"start":{"line":44,"column":0},"end":{"line":44,"column":29}},"44":{"start":{"line":45,"column":0},"end":{"line":45,"column":100}},"45":{"start":{"line":46,"column":0},"end":{"line":46,"column":59}},"46":{"start":{"line":47,"column":0},"end":{"line":47,"column":59}},"47":{"start":{"line":48,"column":0},"end":{"line":48,"column":71}},"48":{"start":{"line":49,"column":0},"end":{"line":49,"column":29}},"49":{"start":{"line":50,"column":0},"end":{"line":50,"column":79}},"50":{"start":{"line":51,"column":0},"end":{"line":51,"column":48}},"51":{"start":{"line":52,"column":0},"end":{"line":52,"column":48}},"52":{"start":{"line":53,"column":0},"end":{"line":53,"column":60}},"53":{"start":{"line":54,"column":0},"end":{"line":54,"column":29}},"54":{"start":{"line":55,"column":0},"end":{"line":55,"column":104}},"57":{"start":{"line":58,"column":0},"end":{"line":58,"column":116}},"58":{"start":{"line":59,"column":0},"end":{"line":59,"column":101}},"59":{"start":{"line":60,"column":0},"end":{"line":60,"column":45}},"60":{"start":{"line":61,"column":0},"end":{"line":61,"column":111}},"61":{"start":{"line":62,"column":0},"end":{"line":62,"column":109}},"62":{"start":{"line":63,"column":0},"end":{"line":63,"column":37}},"63":{"start":{"line":64,"column":0},"end":{"line":64,"column":64}},"64":{"start":{"line":65,"column":0},"end":{"line":65,"column":39}},"65":{"start":{"line":66,"column":0},"end":{"line":66,"column":42}},"66":{"start":{"line":67,"column":0},"end":{"line":67,"column":48}},"67":{"start":{"line":68,"column":0},"end":{"line":68,"column":49}},"68":{"start":{"line":69,"column":0},"end":{"line":69,"column":53}},"69":{"start":{"line":70,"column":0},"end":{"line":70,"column":56}},"70":{"start":{"line":71,"column":0},"end":{"line":71,"column":51}},"71":{"start":{"line":72,"column":0},"end":{"line":72,"column":64}},"74":{"start":{"line":75,"column":0},"end":{"line":75,"column":125}},"75":{"start":{"line":76,"column":0},"end":{"line":76,"column":131}},"80":{"start":{"line":81,"column":0},"end":{"line":81,"column":47}},"81":{"start":{"line":82,"column":0},"end":{"line":82,"column":19}},"82":{"start":{"line":83,"column":0},"end":{"line":83,"column":20}},"83":{"start":{"line":84,"column":0},"end":{"line":84,"column":55}},"84":{"start":{"line":85,"column":0},"end":{"line":85,"column":13}},"85":{"start":{"line":86,"column":0},"end":{"line":86,"column":10}},"86":{"start":{"line":87,"column":0},"end":{"line":87,"column":25}},"87":{"start":{"line":88,"column":0},"end":{"line":88,"column":65}},"88":{"start":{"line":89,"column":0},"end":{"line":89,"column":74}},"89":{"start":{"line":90,"column":0},"end":{"line":90,"column":11}},"90":{"start":{"line":91,"column":0},"end":{"line":91,"column":3}},"92":{"start":{"line":93,"column":0},"end":{"line":93,"column":29}},"93":{"start":{"line":94,"column":0},"end":{"line":94,"column":78}},"96":{"start":{"line":97,"column":0},"end":{"line":97,"column":76}},"97":{"start":{"line":98,"column":0},"end":{"line":98,"column":56}},"98":{"start":{"line":99,"column":0},"end":{"line":99,"column":12}},"100":{"start":{"line":101,"column":0},"end":{"line":101,"column":56}},"101":{"start":{"line":102,"column":0},"end":{"line":102,"column":5}},"102":{"start":{"line":103,"column":0},"end":{"line":103,"column":1}},"104":{"start":{"line":105,"column":0},"end":{"line":105,"column":35}},"105":{"start":{"line":106,"column":0},"end":{"line":106,"column":67}},"106":{"start":{"line":107,"column":0},"end":{"line":107,"column":51}},"107":{"start":{"line":108,"column":0},"end":{"line":108,"column":28}},"108":{"start":{"line":109,"column":0},"end":{"line":109,"column":10}},"109":{"start":{"line":110,"column":0},"end":{"line":110,"column":27}},"110":{"start":{"line":111,"column":0},"end":{"line":111,"column":31}},"111":{"start":{"line":112,"column":0},"end":{"line":112,"column":60}},"112":{"start":{"line":113,"column":0},"end":{"line":113,"column":13}},"113":{"start":{"line":114,"column":0},"end":{"line":114,"column":35}},"114":{"start":{"line":115,"column":0},"end":{"line":115,"column":10}},"115":{"start":{"line":116,"column":0},"end":{"line":116,"column":23}},"116":{"start":{"line":117,"column":0},"end":{"line":117,"column":31}},"117":{"start":{"line":118,"column":0},"end":{"line":118,"column":72}},"120":{"start":{"line":121,"column":0},"end":{"line":121,"column":81}},"121":{"start":{"line":122,"column":0},"end":{"line":122,"column":62}},"122":{"start":{"line":123,"column":0},"end":{"line":123,"column":37}},"123":{"start":{"line":124,"column":0},"end":{"line":124,"column":68}},"124":{"start":{"line":125,"column":0},"end":{"line":125,"column":79}},"125":{"start":{"line":126,"column":0},"end":{"line":126,"column":70}},"126":{"start":{"line":127,"column":0},"end":{"line":127,"column":21}},"127":{"start":{"line":128,"column":0},"end":{"line":128,"column":19}},"128":{"start":{"line":129,"column":0},"end":{"line":129,"column":20}},"129":{"start":{"line":130,"column":0},"end":{"line":130,"column":89}},"130":{"start":{"line":131,"column":0},"end":{"line":131,"column":13}},"131":{"start":{"line":132,"column":0},"end":{"line":132,"column":10}},"132":{"start":{"line":133,"column":0},"end":{"line":133,"column":25}},"133":{"start":{"line":134,"column":0},"end":{"line":134,"column":60}},"134":{"start":{"line":135,"column":0},"end":{"line":135,"column":71}},"135":{"start":{"line":136,"column":0},"end":{"line":136,"column":11}},"136":{"start":{"line":137,"column":0},"end":{"line":137,"column":5}},"137":{"start":{"line":138,"column":0},"end":{"line":138,"column":1}},"140":{"start":{"line":141,"column":0},"end":{"line":141,"column":36}},"141":{"start":{"line":142,"column":0},"end":{"line":142,"column":22}},"142":{"start":{"line":143,"column":0},"end":{"line":143,"column":16}},"143":{"start":{"line":144,"column":0},"end":{"line":144,"column":21}},"144":{"start":{"line":145,"column":0},"end":{"line":145,"column":6}},"145":{"start":{"line":146,"column":0},"end":{"line":146,"column":1}}},"s":{"0":1,"2":5,"5":5,"7":5,"8":1,"9":1,"10":1,"11":5,"12":5,"13":5,"14":4,"15":0,"16":0,"17":4,"18":5,"19":5,"20":4,"21":3,"22":3,"23":3,"25":3,"27":3,"28":3,"30":3,"31":3,"32":3,"33":3,"34":3,"35":2,"36":1,"37":1,"38":0,"39":3,"40":1,"41":2,"42":2,"43":0,"44":3,"45":1,"46":2,"47":1,"48":1,"49":3,"50":1,"51":2,"52":1,"53":1,"54":3,"57":3,"58":3,"59":3,"60":3,"61":3,"62":3,"63":3,"64":3,"65":3,"66":3,"67":3,"68":3,"69":3,"70":3,"71":3,"74":3,"75":3,"80":3,"81":3,"82":4,"83":1,"84":1,"85":5,"86":5,"87":2,"88":2,"89":5,"90":5,"92":1,"93":1,"96":1,"97":1,"98":1,"100":0,"101":0,"102":1,"104":4,"105":4,"106":3,"107":3,"108":3,"109":3,"110":2,"111":0,"112":0,"113":2,"114":3,"115":3,"116":2,"117":1,"120":1,"121":1,"122":1,"123":1,"124":1,"125":1,"126":1,"127":1,"128":1,"129":1,"130":1,"131":3,"132":3,"133":1,"134":1,"135":3,"136":3,"137":4,"140":1,"141":1,"142":1,"143":1,"144":1,"145":1},"branchMap":{"0":{"type":"branch","line":1,"loc":{"start":{"line":1,"column":46},"end":{"line":91,"column":3}},"locations":[{"start":{"line":1,"column":46},"end":{"line":91,"column":3}}]},"1":{"type":"branch","line":8,"loc":{"start":{"line":8,"column":17},"end":{"line":12,"column":12}},"locations":[{"start":{"line":8,"column":17},"end":{"line":12,"column":12}}]},"2":{"type":"branch","line":12,"loc":{"start":{"line":12,"column":8},"end":{"line":12,"column":14}},"locations":[{"start":{"line":12,"column":8},"end":{"line":12,"column":14}}]},"3":{"type":"branch","line":14,"loc":{"start":{"line":14,"column":14},"end":{"line":19,"column":9}},"locations":[{"start":{"line":14,"column":14},"end":{"line":19,"column":9}}]},"4":{"type":"branch","line":15,"loc":{"start":{"line":15,"column":30},"end":{"line":17,"column":13}},"locations":[{"start":{"line":15,"column":30},"end":{"line":17,"column":13}}]},"5":{"type":"branch","line":20,"loc":{"start":{"line":20,"column":14},"end":{"line":86,"column":9}},"locations":[{"start":{"line":20,"column":14},"end":{"line":86,"column":9}}]},"6":{"type":"branch","line":21,"loc":{"start":{"line":21,"column":21},"end":{"line":21,"column":58}},"locations":[{"start":{"line":21,"column":21},"end":{"line":21,"column":58}}]},"7":{"type":"branch","line":21,"loc":{"start":{"line":21,"column":58},"end":{"line":83,"column":19}},"locations":[{"start":{"line":21,"column":58},"end":{"line":83,"column":19}}]},"8":{"type":"branch","line":83,"loc":{"start":{"line":83,"column":12},"end":{"line":85,"column":13}},"locations":[{"start":{"line":83,"column":12},"end":{"line":85,"column":13}}]},"9":{"type":"branch","line":28,"loc":{"start":{"line":28,"column":33},"end":{"line":82,"column":17}},"locations":[{"start":{"line":28,"column":33},"end":{"line":82,"column":17}}]},"10":{"type":"branch","line":35,"loc":{"start":{"line":35,"column":77},"end":{"line":36,"column":47}},"locations":[{"start":{"line":35,"column":77},"end":{"line":36,"column":47}}]},"11":{"type":"branch","line":36,"loc":{"start":{"line":36,"column":34},"end":{"line":39,"column":29}},"locations":[{"start":{"line":36,"column":34},"end":{"line":39,"column":29}}]},"12":{"type":"branch","line":38,"loc":{"start":{"line":38,"column":58},"end":{"line":39,"column":29}},"locations":[{"start":{"line":38,"column":58},"end":{"line":39,"column":29}}]},"13":{"type":"branch","line":40,"loc":{"start":{"line":40,"column":67},"end":{"line":41,"column":42}},"locations":[{"start":{"line":40,"column":67},"end":{"line":41,"column":42}}]},"14":{"type":"branch","line":41,"loc":{"start":{"line":41,"column":34},"end":{"line":44,"column":29}},"locations":[{"start":{"line":41,"column":34},"end":{"line":44,"column":29}}]},"15":{"type":"branch","line":43,"loc":{"start":{"line":43,"column":53},"end":{"line":44,"column":29}},"locations":[{"start":{"line":43,"column":53},"end":{"line":44,"column":29}}]},"16":{"type":"branch","line":45,"loc":{"start":{"line":45,"column":99},"end":{"line":46,"column":59}},"locations":[{"start":{"line":45,"column":99},"end":{"line":46,"column":59}}]},"17":{"type":"branch","line":46,"loc":{"start":{"line":46,"column":34},"end":{"line":49,"column":29}},"locations":[{"start":{"line":46,"column":34},"end":{"line":49,"column":29}}]},"18":{"type":"branch","line":47,"loc":{"start":{"line":47,"column":34},"end":{"line":48,"column":71}},"locations":[{"start":{"line":47,"column":34},"end":{"line":48,"column":71}}]},"19":{"type":"branch","line":48,"loc":{"start":{"line":48,"column":70},"end":{"line":49,"column":29}},"locations":[{"start":{"line":48,"column":70},"end":{"line":49,"column":29}}]},"20":{"type":"branch","line":50,"loc":{"start":{"line":50,"column":78},"end":{"line":51,"column":48}},"locations":[{"start":{"line":50,"column":78},"end":{"line":51,"column":48}}]},"21":{"type":"branch","line":51,"loc":{"start":{"line":51,"column":34},"end":{"line":54,"column":29}},"locations":[{"start":{"line":51,"column":34},"end":{"line":54,"column":29}}]},"22":{"type":"branch","line":52,"loc":{"start":{"line":52,"column":34},"end":{"line":53,"column":60}},"locations":[{"start":{"line":52,"column":34},"end":{"line":53,"column":60}}]},"23":{"type":"branch","line":53,"loc":{"start":{"line":53,"column":59},"end":{"line":54,"column":29}},"locations":[{"start":{"line":53,"column":59},"end":{"line":54,"column":29}}]},"24":{"type":"branch","line":55,"loc":{"start":{"line":55,"column":65},"end":{"line":55,"column":104}},"locations":[{"start":{"line":55,"column":65},"end":{"line":55,"column":104}}]},"25":{"type":"branch","line":58,"loc":{"start":{"line":58,"column":72},"end":{"line":58,"column":109}},"locations":[{"start":{"line":58,"column":72},"end":{"line":58,"column":109}}]},"26":{"type":"branch","line":58,"loc":{"start":{"line":58,"column":105},"end":{"line":58,"column":116}},"locations":[{"start":{"line":58,"column":105},"end":{"line":58,"column":116}}]},"27":{"type":"branch","line":59,"loc":{"start":{"line":59,"column":62},"end":{"line":59,"column":94}},"locations":[{"start":{"line":59,"column":62},"end":{"line":59,"column":94}}]},"28":{"type":"branch","line":59,"loc":{"start":{"line":59,"column":90},"end":{"line":59,"column":101}},"locations":[{"start":{"line":59,"column":90},"end":{"line":59,"column":101}}]},"29":{"type":"branch","line":61,"loc":{"start":{"line":61,"column":57},"end":{"line":61,"column":104}},"locations":[{"start":{"line":61,"column":57},"end":{"line":61,"column":104}}]},"30":{"type":"branch","line":61,"loc":{"start":{"line":61,"column":100},"end":{"line":61,"column":111}},"locations":[{"start":{"line":61,"column":100},"end":{"line":61,"column":111}}]},"31":{"type":"branch","line":62,"loc":{"start":{"line":62,"column":65},"end":{"line":62,"column":102}},"locations":[{"start":{"line":62,"column":65},"end":{"line":62,"column":102}}]},"32":{"type":"branch","line":62,"loc":{"start":{"line":62,"column":98},"end":{"line":62,"column":109}},"locations":[{"start":{"line":62,"column":98},"end":{"line":62,"column":109}}]},"33":{"type":"branch","line":87,"loc":{"start":{"line":87,"column":15},"end":{"line":90,"column":9}},"locations":[{"start":{"line":87,"column":15},"end":{"line":90,"column":9}}]},"34":{"type":"branch","line":93,"loc":{"start":{"line":93,"column":0},"end":{"line":103,"column":1}},"locations":[{"start":{"line":93,"column":0},"end":{"line":103,"column":1}}]},"35":{"type":"branch","line":99,"loc":{"start":{"line":99,"column":4},"end":{"line":102,"column":5}},"locations":[{"start":{"line":99,"column":4},"end":{"line":102,"column":5}}]},"36":{"type":"branch","line":105,"loc":{"start":{"line":105,"column":0},"end":{"line":138,"column":1}},"locations":[{"start":{"line":105,"column":0},"end":{"line":138,"column":1}}]},"37":{"type":"branch","line":106,"loc":{"start":{"line":106,"column":66},"end":{"line":137,"column":5}},"locations":[{"start":{"line":106,"column":66},"end":{"line":137,"column":5}}]},"38":{"type":"branch","line":110,"loc":{"start":{"line":110,"column":14},"end":{"line":115,"column":9}},"locations":[{"start":{"line":110,"column":14},"end":{"line":115,"column":9}}]},"39":{"type":"branch","line":111,"loc":{"start":{"line":111,"column":30},"end":{"line":113,"column":13}},"locations":[{"start":{"line":111,"column":30},"end":{"line":113,"column":13}}]},"40":{"type":"branch","line":116,"loc":{"start":{"line":116,"column":14},"end":{"line":132,"column":9}},"locations":[{"start":{"line":116,"column":14},"end":{"line":132,"column":9}}]},"41":{"type":"branch","line":117,"loc":{"start":{"line":117,"column":30},"end":{"line":131,"column":13}},"locations":[{"start":{"line":117,"column":30},"end":{"line":131,"column":13}}]},"42":{"type":"branch","line":118,"loc":{"start":{"line":118,"column":27},"end":{"line":118,"column":69}},"locations":[{"start":{"line":118,"column":27},"end":{"line":118,"column":69}}]},"43":{"type":"branch","line":130,"loc":{"start":{"line":130,"column":27},"end":{"line":130,"column":87}},"locations":[{"start":{"line":130,"column":27},"end":{"line":130,"column":87}}]},"44":{"type":"branch","line":123,"loc":{"start":{"line":123,"column":29},"end":{"line":128,"column":17}},"locations":[{"start":{"line":123,"column":29},"end":{"line":128,"column":17}}]},"45":{"type":"branch","line":133,"loc":{"start":{"line":133,"column":15},"end":{"line":136,"column":9}},"locations":[{"start":{"line":133,"column":15},"end":{"line":136,"column":9}}]}},"b":{"0":[5],"1":[1],"2":[4],"3":[4],"4":[0],"5":[4],"6":[3],"7":[3],"8":[1],"9":[3],"10":[2],"11":[1],"12":[0],"13":[1],"14":[2],"15":[0],"16":[1],"17":[2],"18":[1],"19":[1],"20":[1],"21":[2],"22":[1],"23":[1],"24":[0],"25":[2],"26":[1],"27":[2],"28":[1],"29":[1],"30":[2],"31":[1],"32":[2],"33":[2],"34":[1],"35":[0],"36":[4],"37":[3],"38":[2],"39":[0],"40":[2],"41":[1],"42":[0],"43":[0],"44":[1],"45":[1]},"fnMap":{"0":{"name":"viewECG","decl":{"start":{"line":93,"column":0},"end":{"line":103,"column":1}},"loc":{"start":{"line":93,"column":0},"end":{"line":103,"column":1}},"line":93},"1":{"name":"deletePatient","decl":{"start":{"line":105,"column":0},"end":{"line":138,"column":1}},"loc":{"start":{"line":105,"column":0},"end":{"line":138,"column":1}},"line":105}},"f":{"0":1,"1":4}}
,"C:\\Users\\ramir\\OneDrive\\Documents\\GitHub\\sdp25_unknown\\code\\frontend\\scripts\\app.js": {"path":"C:\\Users\\ramir\\OneDrive\\Documents\\GitHub\\sdp25_unknown\\code\\frontend\\scripts\\app.js","all":false,"statementMap":{"0":{"start":{"line":1,"column":0},"end":{"line":1,"column":13}},"1":{"start":{"line":2,"column":0},"end":{"line":2,"column":29}},"2":{"start":{"line":3,"column":0},"end":{"line":3,"column":29}},"3":{"start":{"line":4,"column":0},"end":{"line":4,"column":28}},"4":{"start":{"line":5,"column":0},"end":{"line":5,"column":28}},"5":{"start":{"line":6,"column":0},"end":{"line":6,"column":24}},"6":{"start":{"line":7,"column":0},"end":{"line":7,"column":27}},"7":{"start":{"line":8,"column":0},"end":{"line":8,"column":28}},"8":{"start":{"line":9,"column":0},"end":{"line":9,"column":71}},"9":{"start":{"line":10,"column":0},"end":{"line":10,"column":75}},"10":{"start":{"line":11,"column":0},"end":{"line":11,"column":0}},"11":{"start":{"line":12,"column":0},"end":{"line":12,"column":23}},"12":{"start":{"line":13,"column":0},"end":{"line":13,"column":23}},"13":{"start":{"line":14,"column":0},"end":{"line":14,"column":71}},"14":{"start":{"line":15,"column":0},"end":{"line":15,"column":28}},"15":{"start":{"line":16,"column":0},"end":{"line":16,"column":28}},"16":{"start":{"line":17,"column":0},"end":{"line":17,"column":0}},"17":{"start":{"line":18,"column":0},"end":{"line":18,"column":51}},"18":{"start":{"line":19,"column":0},"end":{"line":19,"column":42}},"19":{"start":{"line":20,"column":0},"end":{"line":20,"column":40}},"20":{"start":{"line":21,"column":0},"end":{"line":21,"column":46}},"21":{"start":{"line":22,"column":0},"end":{"line":22,"column":46}},"22":{"start":{"line":23,"column":0},"end":{"line":23,"column":32}},"23":{"start":{"line":24,"column":0},"end":{"line":24,"column":23}},"24":{"start":{"line":25,"column":0},"end":{"line":25,"column":28}},"25":{"start":{"line":26,"column":0},"end":{"line":26,"column":68}},"26":{"start":{"line":27,"column":0},"end":{"line":27,"column":49}},"27":{"start":{"line":28,"column":0},"end":{"line":28,"column":31}},"28":{"start":{"line":29,"column":0},"end":{"line":29,"column":33}},"29":{"start":{"line":30,"column":0},"end":{"line":30,"column":47}},"30":{"start":{"line":31,"column":0},"end":{"line":31,"column":15}},"31":{"start":{"line":32,"column":0},"end":{"line":32,"column":12}},"32":{"start":{"line":33,"column":0},"end":{"line":33,"column":11}},"33":{"start":{"line":34,"column":0},"end":{"line":34,"column":11}},"34":{"start":{"line":35,"column":0},"end":{"line":35,"column":5}},"35":{"start":{"line":36,"column":0},"end":{"line":36,"column":5}},"36":{"start":{"line":37,"column":0},"end":{"line":37,"column":2}},"37":{"start":{"line":38,"column":0},"end":{"line":38,"column":34}},"38":{"start":{"line":39,"column":0},"end":{"line":39,"column":104}},"39":{"start":{"line":40,"column":0},"end":{"line":40,"column":22}},"40":{"start":{"line":41,"column":0},"end":{"line":41,"column":52}},"41":{"start":{"line":42,"column":0},"end":{"line":42,"column":55}},"42":{"start":{"line":43,"column":0},"end":{"line":43,"column":52}},"43":{"start":{"line":44,"column":0},"end":{"line":44,"column":51}},"44":{"start":{"line":45,"column":0},"end":{"line":45,"column":6}},"45":{"start":{"line":46,"column":0},"end":{"line":46,"column":0}},"46":{"start":{"line":47,"column":0},"end":{"line":47,"column":98}},"47":{"start":{"line":48,"column":0},"end":{"line":48,"column":0}},"48":{"start":{"line":49,"column":0},"end":{"line":49,"column":19}},"49":{"start":{"line":50,"column":0},"end":{"line":50,"column":23}},"50":{"start":{"line":51,"column":0},"end":{"line":51,"column":44}},"51":{"start":{"line":52,"column":0},"end":{"line":52,"column":75}},"52":{"start":{"line":53,"column":0},"end":{"line":53,"column":71}},"53":{"start":{"line":54,"column":0},"end":{"line":54,"column":64}},"54":{"start":{"line":55,"column":0},"end":{"line":55,"column":15}},"55":{"start":{"line":56,"column":0},"end":{"line":56,"column":5}},"56":{"start":{"line":57,"column":0},"end":{"line":57,"column":68}},"57":{"start":{"line":58,"column":0},"end":{"line":58,"column":55}},"58":{"start":{"line":59,"column":0},"end":{"line":59,"column":0}},"59":{"start":{"line":60,"column":0},"end":{"line":60,"column":48}},"60":{"start":{"line":61,"column":0},"end":{"line":61,"column":34}},"61":{"start":{"line":62,"column":0},"end":{"line":62,"column":76}},"62":{"start":{"line":63,"column":0},"end":{"line":63,"column":19}},"63":{"start":{"line":64,"column":0},"end":{"line":64,"column":9}},"64":{"start":{"line":65,"column":0},"end":{"line":65,"column":0}},"65":{"start":{"line":66,"column":0},"end":{"line":66,"column":20}},"66":{"start":{"line":67,"column":0},"end":{"line":67,"column":34}},"67":{"start":{"line":68,"column":0},"end":{"line":68,"column":84}},"68":{"start":{"line":69,"column":0},"end":{"line":69,"column":86}},"69":{"start":{"line":70,"column":0},"end":{"line":70,"column":38}},"70":{"start":{"line":71,"column":0},"end":{"line":71,"column":22}},"71":{"start":{"line":72,"column":0},"end":{"line":72,"column":25}},"72":{"start":{"line":73,"column":0},"end":{"line":73,"column":29}},"73":{"start":{"line":74,"column":0},"end":{"line":74,"column":34}},"74":{"start":{"line":75,"column":0},"end":{"line":75,"column":28}},"75":{"start":{"line":76,"column":0},"end":{"line":76,"column":37}},"76":{"start":{"line":77,"column":0},"end":{"line":77,"column":11}},"77":{"start":{"line":78,"column":0},"end":{"line":78,"column":0}},"78":{"start":{"line":79,"column":0},"end":{"line":79,"column":24}},"79":{"start":{"line":80,"column":0},"end":{"line":80,"column":37}},"80":{"start":{"line":81,"column":0},"end":{"line":81,"column":70}},"81":{"start":{"line":82,"column":0},"end":{"line":82,"column":46}},"82":{"start":{"line":83,"column":0},"end":{"line":83,"column":25}},"83":{"start":{"line":84,"column":0},"end":{"line":84,"column":27}},"84":{"start":{"line":85,"column":0},"end":{"line":85,"column":22}},"85":{"start":{"line":86,"column":0},"end":{"line":86,"column":31}},"86":{"start":{"line":87,"column":0},"end":{"line":87,"column":25}},"87":{"start":{"line":88,"column":0},"end":{"line":88,"column":28}},"88":{"start":{"line":89,"column":0},"end":{"line":89,"column":64}},"89":{"start":{"line":90,"column":0},"end":{"line":90,"column":21}},"90":{"start":{"line":91,"column":0},"end":{"line":91,"column":17}},"91":{"start":{"line":92,"column":0},"end":{"line":92,"column":14}},"92":{"start":{"line":93,"column":0},"end":{"line":93,"column":11}},"93":{"start":{"line":94,"column":0},"end":{"line":94,"column":7}},"94":{"start":{"line":95,"column":0},"end":{"line":95,"column":0}},"95":{"start":{"line":96,"column":0},"end":{"line":96,"column":50}},"96":{"start":{"line":97,"column":0},"end":{"line":97,"column":17}},"97":{"start":{"line":98,"column":0},"end":{"line":98,"column":25}},"98":{"start":{"line":99,"column":0},"end":{"line":99,"column":40}},"99":{"start":{"line":100,"column":0},"end":{"line":100,"column":27}},"100":{"start":{"line":101,"column":0},"end":{"line":101,"column":27}},"101":{"start":{"line":102,"column":0},"end":{"line":102,"column":29}},"102":{"start":{"line":103,"column":0},"end":{"line":103,"column":21}},"103":{"start":{"line":104,"column":0},"end":{"line":104,"column":35}},"104":{"start":{"line":105,"column":0},"end":{"line":105,"column":39}},"105":{"start":{"line":106,"column":0},"end":{"line":106,"column":80}},"106":{"start":{"line":107,"column":0},"end":{"line":107,"column":43}},"107":{"start":{"line":108,"column":0},"end":{"line":108,"column":12}},"108":{"start":{"line":109,"column":0},"end":{"line":109,"column":51}},"109":{"start":{"line":110,"column":0},"end":{"line":110,"column":59}},"110":{"start":{"line":111,"column":0},"end":{"line":111,"column":71}},"111":{"start":{"line":112,"column":0},"end":{"line":112,"column":64}},"112":{"start":{"line":113,"column":0},"end":{"line":113,"column":12}},"113":{"start":{"line":114,"column":0},"end":{"line":114,"column":89}},"114":{"start":{"line":115,"column":0},"end":{"line":115,"column":66}},"115":{"start":{"line":116,"column":0},"end":{"line":116,"column":12}},"116":{"start":{"line":117,"column":0},"end":{"line":117,"column":71}},"117":{"start":{"line":118,"column":0},"end":{"line":118,"column":71}},"118":{"start":{"line":119,"column":0},"end":{"line":119,"column":12}},"119":{"start":{"line":120,"column":0},"end":{"line":120,"column":86}},"120":{"start":{"line":121,"column":0},"end":{"line":121,"column":52}},"121":{"start":{"line":122,"column":0},"end":{"line":122,"column":52}},"122":{"start":{"line":123,"column":0},"end":{"line":123,"column":59}},"123":{"start":{"line":124,"column":0},"end":{"line":124,"column":59}},"124":{"start":{"line":125,"column":0},"end":{"line":125,"column":56}},"125":{"start":{"line":126,"column":0},"end":{"line":126,"column":75}},"126":{"start":{"line":127,"column":0},"end":{"line":127,"column":67}},"127":{"start":{"line":128,"column":0},"end":{"line":128,"column":99}},"128":{"start":{"line":129,"column":0},"end":{"line":129,"column":107}},"129":{"start":{"line":130,"column":0},"end":{"line":130,"column":83}},"130":{"start":{"line":131,"column":0},"end":{"line":131,"column":56}},"131":{"start":{"line":132,"column":0},"end":{"line":132,"column":53}},"132":{"start":{"line":133,"column":0},"end":{"line":133,"column":79}},"133":{"start":{"line":134,"column":0},"end":{"line":134,"column":27}},"134":{"start":{"line":135,"column":0},"end":{"line":135,"column":23}},"135":{"start":{"line":136,"column":0},"end":{"line":136,"column":70}},"136":{"start":{"line":137,"column":0},"end":{"line":137,"column":68}},"137":{"start":{"line":138,"column":0},"end":{"line":138,"column":58}},"138":{"start":{"line":139,"column":0},"end":{"line":139,"column":48}},"139":{"start":{"line":140,"column":0},"end":{"line":140,"column":90}},"140":{"start":{"line":141,"column":0},"end":{"line":141,"column":49}},"141":{"start":{"line":142,"column":0},"end":{"line":142,"column":53}},"142":{"start":{"line":143,"column":0},"end":{"line":143,"column":49}},"143":{"start":{"line":144,"column":0},"end":{"line":144,"column":0}},"144":{"start":{"line":145,"column":0},"end":{"line":145,"column":47}},"145":{"start":{"line":146,"column":0},"end":{"line":146,"column":69}},"146":{"start":{"line":147,"column":0},"end":{"line":147,"column":57}},"147":{"start":{"line":148,"column":0},"end":{"line":148,"column":47}},"148":{"start":{"line":149,"column":0},"end":{"line":149,"column":51}},"149":{"start":{"line":150,"column":0},"end":{"line":150,"column":59}},"150":{"start":{"line":151,"column":0},"end":{"line":151,"column":55}},"151":{"start":{"line":152,"column":0},"end":{"line":152,"column":52}},"152":{"start":{"line":153,"column":0},"end":{"line":153,"column":0}},"153":{"start":{"line":154,"column":0},"end":{"line":154,"column":47}},"154":{"start":{"line":155,"column":0},"end":{"line":155,"column":69}},"155":{"start":{"line":156,"column":0},"end":{"line":156,"column":56}},"156":{"start":{"line":157,"column":0},"end":{"line":157,"column":47}},"157":{"start":{"line":158,"column":0},"end":{"line":158,"column":63}},"158":{"start":{"line":159,"column":0},"end":{"line":159,"column":59}},"159":{"start":{"line":160,"column":0},"end":{"line":160,"column":55}},"160":{"start":{"line":161,"column":0},"end":{"line":161,"column":52}},"161":{"start":{"line":162,"column":0},"end":{"line":162,"column":0}},"162":{"start":{"line":163,"column":0},"end":{"line":163,"column":45}},"163":{"start":{"line":164,"column":0},"end":{"line":164,"column":51}},"164":{"start":{"line":165,"column":0},"end":{"line":165,"column":51}},"165":{"start":{"line":166,"column":0},"end":{"line":166,"column":16}},"166":{"start":{"line":167,"column":0},"end":{"line":167,"column":56}},"167":{"start":{"line":168,"column":0},"end":{"line":168,"column":75}},"168":{"start":{"line":169,"column":0},"end":{"line":169,"column":70}},"169":{"start":{"line":170,"column":0},"end":{"line":170,"column":0}},"170":{"start":{"line":171,"column":0},"end":{"line":171,"column":46}},"171":{"start":{"line":172,"column":0},"end":{"line":172,"column":56}},"172":{"start":{"line":173,"column":0},"end":{"line":173,"column":0}},"173":{"start":{"line":174,"column":0},"end":{"line":174,"column":61}},"174":{"start":{"line":175,"column":0},"end":{"line":175,"column":45}},"175":{"start":{"line":176,"column":0},"end":{"line":176,"column":61}},"176":{"start":{"line":177,"column":0},"end":{"line":177,"column":64}},"177":{"start":{"line":178,"column":0},"end":{"line":178,"column":23}},"178":{"start":{"line":179,"column":0},"end":{"line":179,"column":0}},"179":{"start":{"line":180,"column":0},"end":{"line":180,"column":61}},"180":{"start":{"line":181,"column":0},"end":{"line":181,"column":45}},"181":{"start":{"line":182,"column":0},"end":{"line":182,"column":61}},"182":{"start":{"line":183,"column":0},"end":{"line":183,"column":64}},"183":{"start":{"line":184,"column":0},"end":{"line":184,"column":23}},"184":{"start":{"line":185,"column":0},"end":{"line":185,"column":0}},"185":{"start":{"line":186,"column":0},"end":{"line":186,"column":74}},"186":{"start":{"line":187,"column":0},"end":{"line":187,"column":66}},"187":{"start":{"line":188,"column":0},"end":{"line":188,"column":18}},"188":{"start":{"line":189,"column":0},"end":{"line":189,"column":45}},"189":{"start":{"line":190,"column":0},"end":{"line":190,"column":51}},"190":{"start":{"line":191,"column":0},"end":{"line":191,"column":16}},"191":{"start":{"line":192,"column":0},"end":{"line":192,"column":50}},"192":{"start":{"line":193,"column":0},"end":{"line":193,"column":50}},"193":{"start":{"line":194,"column":0},"end":{"line":194,"column":98}},"194":{"start":{"line":195,"column":0},"end":{"line":195,"column":42}},"195":{"start":{"line":196,"column":0},"end":{"line":196,"column":62}},"196":{"start":{"line":197,"column":0},"end":{"line":197,"column":28}},"197":{"start":{"line":198,"column":0},"end":{"line":198,"column":63}},"198":{"start":{"line":199,"column":0},"end":{"line":199,"column":21}},"199":{"start":{"line":200,"column":0},"end":{"line":200,"column":16}},"200":{"start":{"line":201,"column":0},"end":{"line":201,"column":47}},"201":{"start":{"line":202,"column":0},"end":{"line":202,"column":16}},"202":{"start":{"line":203,"column":0},"end":{"line":203,"column":71}},"203":{"start":{"line":204,"column":0},"end":{"line":204,"column":42}},"204":{"start":{"line":205,"column":0},"end":{"line":205,"column":62}},"205":{"start":{"line":206,"column":0},"end":{"line":206,"column":58}},"206":{"start":{"line":207,"column":0},"end":{"line":207,"column":56}},"207":{"start":{"line":208,"column":0},"end":{"line":208,"column":16}},"208":{"start":{"line":209,"column":0},"end":{"line":209,"column":53}},"209":{"start":{"line":210,"column":0},"end":{"line":210,"column":42}},"210":{"start":{"line":211,"column":0},"end":{"line":211,"column":49}},"211":{"start":{"line":212,"column":0},"end":{"line":212,"column":39}},"212":{"start":{"line":213,"column":0},"end":{"line":213,"column":37}},"213":{"start":{"line":214,"column":0},"end":{"line":214,"column":57}},"214":{"start":{"line":215,"column":0},"end":{"line":215,"column":27}},"215":{"start":{"line":216,"column":0},"end":{"line":216,"column":42}},"216":{"start":{"line":217,"column":0},"end":{"line":217,"column":45}},"217":{"start":{"line":218,"column":0},"end":{"line":218,"column":40}},"218":{"start":{"line":219,"column":0},"end":{"line":219,"column":43}},"219":{"start":{"line":220,"column":0},"end":{"line":220,"column":36}},"220":{"start":{"line":221,"column":0},"end":{"line":221,"column":27}},"221":{"start":{"line":222,"column":0},"end":{"line":222,"column":42}},"222":{"start":{"line":223,"column":0},"end":{"line":223,"column":43}},"223":{"start":{"line":224,"column":0},"end":{"line":224,"column":40}},"224":{"start":{"line":225,"column":0},"end":{"line":225,"column":43}},"225":{"start":{"line":226,"column":0},"end":{"line":226,"column":36}},"226":{"start":{"line":227,"column":0},"end":{"line":227,"column":27}},"227":{"start":{"line":228,"column":0},"end":{"line":228,"column":28}},"228":{"start":{"line":229,"column":0},"end":{"line":229,"column":62}},"229":{"start":{"line":230,"column":0},"end":{"line":230,"column":58}},"230":{"start":{"line":231,"column":0},"end":{"line":231,"column":56}},"231":{"start":{"line":232,"column":0},"end":{"line":232,"column":16}},"232":{"start":{"line":233,"column":0},"end":{"line":233,"column":60}},"233":{"start":{"line":234,"column":0},"end":{"line":234,"column":42}},"234":{"start":{"line":235,"column":0},"end":{"line":235,"column":49}},"235":{"start":{"line":236,"column":0},"end":{"line":236,"column":39}},"236":{"start":{"line":237,"column":0},"end":{"line":237,"column":37}},"237":{"start":{"line":238,"column":0},"end":{"line":238,"column":85}},"238":{"start":{"line":239,"column":0},"end":{"line":239,"column":27}},"239":{"start":{"line":240,"column":0},"end":{"line":240,"column":42}},"240":{"start":{"line":241,"column":0},"end":{"line":241,"column":45}},"241":{"start":{"line":242,"column":0},"end":{"line":242,"column":40}},"242":{"start":{"line":243,"column":0},"end":{"line":243,"column":41}},"243":{"start":{"line":244,"column":0},"end":{"line":244,"column":36}},"244":{"start":{"line":245,"column":0},"end":{"line":245,"column":27}},"245":{"start":{"line":246,"column":0},"end":{"line":246,"column":42}},"246":{"start":{"line":247,"column":0},"end":{"line":247,"column":43}},"247":{"start":{"line":248,"column":0},"end":{"line":248,"column":40}},"248":{"start":{"line":249,"column":0},"end":{"line":249,"column":41}},"249":{"start":{"line":250,"column":0},"end":{"line":250,"column":36}},"250":{"start":{"line":251,"column":0},"end":{"line":251,"column":27}},"251":{"start":{"line":252,"column":0},"end":{"line":252,"column":21}},"252":{"start":{"line":253,"column":0},"end":{"line":253,"column":16}},"253":{"start":{"line":254,"column":0},"end":{"line":254,"column":56}},"254":{"start":{"line":255,"column":0},"end":{"line":255,"column":59}},"255":{"start":{"line":256,"column":0},"end":{"line":256,"column":38}},"256":{"start":{"line":257,"column":0},"end":{"line":257,"column":99}},"257":{"start":{"line":258,"column":0},"end":{"line":258,"column":74}},"258":{"start":{"line":259,"column":0},"end":{"line":259,"column":28}},"259":{"start":{"line":260,"column":0},"end":{"line":260,"column":16}},"260":{"start":{"line":261,"column":0},"end":{"line":261,"column":33}},"261":{"start":{"line":262,"column":0},"end":{"line":262,"column":17}},"262":{"start":{"line":263,"column":0},"end":{"line":263,"column":16}},"263":{"start":{"line":264,"column":0},"end":{"line":264,"column":13}},"264":{"start":{"line":265,"column":0},"end":{"line":265,"column":10}},"265":{"start":{"line":266,"column":0},"end":{"line":266,"column":17}},"266":{"start":{"line":267,"column":0},"end":{"line":267,"column":45}},"267":{"start":{"line":268,"column":0},"end":{"line":268,"column":57}},"268":{"start":{"line":269,"column":0},"end":{"line":269,"column":10}},"269":{"start":{"line":270,"column":0},"end":{"line":270,"column":134}},"270":{"start":{"line":271,"column":0},"end":{"line":271,"column":21}},"271":{"start":{"line":272,"column":0},"end":{"line":272,"column":18}},"272":{"start":{"line":273,"column":0},"end":{"line":273,"column":27}},"273":{"start":{"line":274,"column":0},"end":{"line":274,"column":26}},"274":{"start":{"line":275,"column":0},"end":{"line":275,"column":36}},"275":{"start":{"line":276,"column":0},"end":{"line":276,"column":109}},"276":{"start":{"line":277,"column":0},"end":{"line":277,"column":13}},"277":{"start":{"line":278,"column":0},"end":{"line":278,"column":10}},"278":{"start":{"line":279,"column":0},"end":{"line":279,"column":35}},"279":{"start":{"line":280,"column":0},"end":{"line":280,"column":22}},"280":{"start":{"line":281,"column":0},"end":{"line":281,"column":21}},"281":{"start":{"line":282,"column":0},"end":{"line":282,"column":31}},"282":{"start":{"line":283,"column":0},"end":{"line":283,"column":42}},"283":{"start":{"line":284,"column":0},"end":{"line":284,"column":13}},"284":{"start":{"line":285,"column":0},"end":{"line":285,"column":10}},"285":{"start":{"line":286,"column":0},"end":{"line":286,"column":25}},"286":{"start":{"line":287,"column":0},"end":{"line":287,"column":7}},"287":{"start":{"line":288,"column":0},"end":{"line":288,"column":0}},"288":{"start":{"line":289,"column":0},"end":{"line":289,"column":48}},"289":{"start":{"line":290,"column":0},"end":{"line":290,"column":14}},"290":{"start":{"line":291,"column":0},"end":{"line":291,"column":27}},"291":{"start":{"line":292,"column":0},"end":{"line":292,"column":28}},"292":{"start":{"line":293,"column":0},"end":{"line":293,"column":10}},"293":{"start":{"line":294,"column":0},"end":{"line":294,"column":15}},"294":{"start":{"line":295,"column":0},"end":{"line":295,"column":0}},"295":{"start":{"line":296,"column":0},"end":{"line":296,"column":26}},"296":{"start":{"line":297,"column":0},"end":{"line":297,"column":57}},"297":{"start":{"line":298,"column":0},"end":{"line":298,"column":40}},"298":{"start":{"line":299,"column":0},"end":{"line":299,"column":44}},"299":{"start":{"line":300,"column":0},"end":{"line":300,"column":44}},"300":{"start":{"line":301,"column":0},"end":{"line":301,"column":63}},"301":{"start":{"line":302,"column":0},"end":{"line":302,"column":79}},"302":{"start":{"line":303,"column":0},"end":{"line":303,"column":36}},"303":{"start":{"line":304,"column":0},"end":{"line":304,"column":47}},"304":{"start":{"line":305,"column":0},"end":{"line":305,"column":38}},"305":{"start":{"line":306,"column":0},"end":{"line":306,"column":49}},"306":{"start":{"line":307,"column":0},"end":{"line":307,"column":43}},"307":{"start":{"line":308,"column":0},"end":{"line":308,"column":40}},"308":{"start":{"line":309,"column":0},"end":{"line":309,"column":65}},"309":{"start":{"line":310,"column":0},"end":{"line":310,"column":0}},"310":{"start":{"line":311,"column":0},"end":{"line":311,"column":69}},"311":{"start":{"line":312,"column":0},"end":{"line":312,"column":0}},"312":{"start":{"line":313,"column":0},"end":{"line":313,"column":56}},"313":{"start":{"line":314,"column":0},"end":{"line":314,"column":37}},"314":{"start":{"line":315,"column":0},"end":{"line":315,"column":45}},"315":{"start":{"line":316,"column":0},"end":{"line":316,"column":56}},"316":{"start":{"line":317,"column":0},"end":{"line":317,"column":58}},"317":{"start":{"line":318,"column":0},"end":{"line":318,"column":36}},"318":{"start":{"line":319,"column":0},"end":{"line":319,"column":48}},"319":{"start":{"line":320,"column":0},"end":{"line":320,"column":39}},"320":{"start":{"line":321,"column":0},"end":{"line":321,"column":50}},"321":{"start":{"line":322,"column":0},"end":{"line":322,"column":39}},"322":{"start":{"line":323,"column":0},"end":{"line":323,"column":41}},"323":{"start":{"line":324,"column":0},"end":{"line":324,"column":0}},"324":{"start":{"line":325,"column":0},"end":{"line":325,"column":20}},"325":{"start":{"line":326,"column":0},"end":{"line":326,"column":56}},"326":{"start":{"line":327,"column":0},"end":{"line":327,"column":54}},"327":{"start":{"line":328,"column":0},"end":{"line":328,"column":29}},"328":{"start":{"line":329,"column":0},"end":{"line":329,"column":41}},"329":{"start":{"line":330,"column":0},"end":{"line":330,"column":41}},"330":{"start":{"line":331,"column":0},"end":{"line":331,"column":7}},"331":{"start":{"line":332,"column":0},"end":{"line":332,"column":0}},"332":{"start":{"line":333,"column":0},"end":{"line":333,"column":70}},"333":{"start":{"line":334,"column":0},"end":{"line":334,"column":0}},"334":{"start":{"line":335,"column":0},"end":{"line":335,"column":37}},"335":{"start":{"line":336,"column":0},"end":{"line":336,"column":57}},"336":{"start":{"line":337,"column":0},"end":{"line":337,"column":31}},"337":{"start":{"line":338,"column":0},"end":{"line":338,"column":30}},"338":{"start":{"line":339,"column":0},"end":{"line":339,"column":67}},"339":{"start":{"line":340,"column":0},"end":{"line":340,"column":16}},"340":{"start":{"line":341,"column":0},"end":{"line":341,"column":65}},"341":{"start":{"line":342,"column":0},"end":{"line":342,"column":78}},"342":{"start":{"line":343,"column":0},"end":{"line":343,"column":9}},"343":{"start":{"line":344,"column":0},"end":{"line":344,"column":7}},"344":{"start":{"line":345,"column":0},"end":{"line":345,"column":0}},"345":{"start":{"line":346,"column":0},"end":{"line":346,"column":50}},"346":{"start":{"line":347,"column":0},"end":{"line":347,"column":10}},"347":{"start":{"line":348,"column":0},"end":{"line":348,"column":23}},"348":{"start":{"line":349,"column":0},"end":{"line":349,"column":24}},"349":{"start":{"line":350,"column":0},"end":{"line":350,"column":6}},"350":{"start":{"line":351,"column":0},"end":{"line":351,"column":11}},"351":{"start":{"line":352,"column":0},"end":{"line":352,"column":0}},"352":{"start":{"line":353,"column":0},"end":{"line":353,"column":56}},"353":{"start":{"line":354,"column":0},"end":{"line":354,"column":37}},"354":{"start":{"line":355,"column":0},"end":{"line":355,"column":45}},"355":{"start":{"line":356,"column":0},"end":{"line":356,"column":56}},"356":{"start":{"line":357,"column":0},"end":{"line":357,"column":58}},"357":{"start":{"line":358,"column":0},"end":{"line":358,"column":36}},"358":{"start":{"line":359,"column":0},"end":{"line":359,"column":48}},"359":{"start":{"line":360,"column":0},"end":{"line":360,"column":39}},"360":{"start":{"line":361,"column":0},"end":{"line":361,"column":50}},"361":{"start":{"line":362,"column":0},"end":{"line":362,"column":39}},"362":{"start":{"line":363,"column":0},"end":{"line":363,"column":41}},"363":{"start":{"line":364,"column":0},"end":{"line":364,"column":0}},"364":{"start":{"line":365,"column":0},"end":{"line":365,"column":56}},"365":{"start":{"line":366,"column":0},"end":{"line":366,"column":54}},"366":{"start":{"line":367,"column":0},"end":{"line":367,"column":29}},"367":{"start":{"line":368,"column":0},"end":{"line":368,"column":41}},"368":{"start":{"line":369,"column":0},"end":{"line":369,"column":41}},"369":{"start":{"line":370,"column":0},"end":{"line":370,"column":7}},"370":{"start":{"line":371,"column":0},"end":{"line":371,"column":4}},"371":{"start":{"line":372,"column":0},"end":{"line":372,"column":70}},"372":{"start":{"line":373,"column":0},"end":{"line":373,"column":4}},"373":{"start":{"line":374,"column":0},"end":{"line":374,"column":57}},"374":{"start":{"line":375,"column":0},"end":{"line":375,"column":59}},"375":{"start":{"line":376,"column":0},"end":{"line":376,"column":8}},"376":{"start":{"line":377,"column":0},"end":{"line":377,"column":37}},"377":{"start":{"line":378,"column":0},"end":{"line":378,"column":43}},"378":{"start":{"line":379,"column":0},"end":{"line":379,"column":43}},"379":{"start":{"line":380,"column":0},"end":{"line":380,"column":71}},"380":{"start":{"line":381,"column":0},"end":{"line":381,"column":4}},"381":{"start":{"line":382,"column":0},"end":{"line":382,"column":66}},"382":{"start":{"line":383,"column":0},"end":{"line":383,"column":11}},"383":{"start":{"line":384,"column":0},"end":{"line":384,"column":7}},"384":{"start":{"line":385,"column":0},"end":{"line":385,"column":1}},"385":{"start":{"line":386,"column":0},"end":{"line":386,"column":0}},"386":{"start":{"line":387,"column":0},"end":{"line":387,"column":48}},"387":{"start":{"line":388,"column":0},"end":{"line":388,"column":104}},"388":{"start":{"line":389,"column":0},"end":{"line":389,"column":28}},"389":{"start":{"line":390,"column":0},"end":{"line":390,"column":0}},"390":{"start":{"line":391,"column":0},"end":{"line":391,"column":39}},"391":{"start":{"line":392,"column":0},"end":{"line":392,"column":33}},"392":{"start":{"line":393,"column":0},"end":{"line":393,"column":36}},"393":{"start":{"line":394,"column":0},"end":{"line":394,"column":34}},"394":{"start":{"line":395,"column":0},"end":{"line":395,"column":0}},"395":{"start":{"line":396,"column":0},"end":{"line":396,"column":56}},"396":{"start":{"line":397,"column":0},"end":{"line":397,"column":67}},"397":{"start":{"line":398,"column":0},"end":{"line":398,"column":63}},"398":{"start":{"line":399,"column":0},"end":{"line":399,"column":52}},"399":{"start":{"line":400,"column":0},"end":{"line":400,"column":17}},"400":{"start":{"line":401,"column":0},"end":{"line":401,"column":13}},"401":{"start":{"line":402,"column":0},"end":{"line":402,"column":0}},"402":{"start":{"line":403,"column":0},"end":{"line":403,"column":44}},"403":{"start":{"line":404,"column":0},"end":{"line":404,"column":40}},"404":{"start":{"line":405,"column":0},"end":{"line":405,"column":39}},"405":{"start":{"line":406,"column":0},"end":{"line":406,"column":43}},"406":{"start":{"line":407,"column":0},"end":{"line":407,"column":53}},"407":{"start":{"line":408,"column":0},"end":{"line":408,"column":53}},"408":{"start":{"line":409,"column":0},"end":{"line":409,"column":47}},"409":{"start":{"line":410,"column":0},"end":{"line":410,"column":67}},"410":{"start":{"line":411,"column":0},"end":{"line":411,"column":132}},"411":{"start":{"line":412,"column":0},"end":{"line":412,"column":18}},"412":{"start":{"line":413,"column":0},"end":{"line":413,"column":13}},"413":{"start":{"line":414,"column":0},"end":{"line":414,"column":9}},"414":{"start":{"line":415,"column":0},"end":{"line":415,"column":7}},"415":{"start":{"line":416,"column":0},"end":{"line":416,"column":38}},"416":{"start":{"line":417,"column":0},"end":{"line":417,"column":31}},"417":{"start":{"line":418,"column":0},"end":{"line":418,"column":1}},"418":{"start":{"line":419,"column":0},"end":{"line":419,"column":0}},"419":{"start":{"line":420,"column":0},"end":{"line":420,"column":49}},"420":{"start":{"line":421,"column":0},"end":{"line":421,"column":73}},"421":{"start":{"line":422,"column":0},"end":{"line":422,"column":27}},"422":{"start":{"line":423,"column":0},"end":{"line":423,"column":0}},"423":{"start":{"line":424,"column":0},"end":{"line":424,"column":39}},"424":{"start":{"line":425,"column":0},"end":{"line":425,"column":33}},"425":{"start":{"line":426,"column":0},"end":{"line":426,"column":34}},"426":{"start":{"line":427,"column":0},"end":{"line":427,"column":33}},"427":{"start":{"line":428,"column":0},"end":{"line":428,"column":0}},"428":{"start":{"line":429,"column":0},"end":{"line":429,"column":56}},"429":{"start":{"line":430,"column":0},"end":{"line":430,"column":67}},"430":{"start":{"line":431,"column":0},"end":{"line":431,"column":59}},"431":{"start":{"line":432,"column":0},"end":{"line":432,"column":49}},"432":{"start":{"line":433,"column":0},"end":{"line":433,"column":17}},"433":{"start":{"line":434,"column":0},"end":{"line":434,"column":13}},"434":{"start":{"line":435,"column":0},"end":{"line":435,"column":0}},"435":{"start":{"line":436,"column":0},"end":{"line":436,"column":40}},"436":{"start":{"line":437,"column":0},"end":{"line":437,"column":37}},"437":{"start":{"line":438,"column":0},"end":{"line":438,"column":36}},"438":{"start":{"line":439,"column":0},"end":{"line":439,"column":39}},"439":{"start":{"line":440,"column":0},"end":{"line":440,"column":26}},"440":{"start":{"line":441,"column":0},"end":{"line":441,"column":81}},"441":{"start":{"line":442,"column":0},"end":{"line":442,"column":33}},"442":{"start":{"line":443,"column":0},"end":{"line":443,"column":38}},"443":{"start":{"line":444,"column":0},"end":{"line":444,"column":161}},"444":{"start":{"line":445,"column":0},"end":{"line":445,"column":32}},"445":{"start":{"line":446,"column":0},"end":{"line":446,"column":18}},"446":{"start":{"line":447,"column":0},"end":{"line":447,"column":13}},"447":{"start":{"line":448,"column":0},"end":{"line":448,"column":9}},"448":{"start":{"line":449,"column":0},"end":{"line":449,"column":7}},"449":{"start":{"line":450,"column":0},"end":{"line":450,"column":0}},"450":{"start":{"line":451,"column":0},"end":{"line":451,"column":35}},"451":{"start":{"line":452,"column":0},"end":{"line":452,"column":31}},"452":{"start":{"line":453,"column":0},"end":{"line":453,"column":1}},"453":{"start":{"line":454,"column":0},"end":{"line":454,"column":0}},"454":{"start":{"line":455,"column":0},"end":{"line":455,"column":0}},"455":{"start":{"line":456,"column":0},"end":{"line":456,"column":37}},"456":{"start":{"line":457,"column":0},"end":{"line":457,"column":47}},"457":{"start":{"line":458,"column":0},"end":{"line":458,"column":82}},"458":{"start":{"line":459,"column":0},"end":{"line":459,"column":65}},"459":{"start":{"line":460,"column":0},"end":{"line":460,"column":66}},"460":{"start":{"line":461,"column":0},"end":{"line":461,"column":5}},"461":{"start":{"line":462,"column":0},"end":{"line":462,"column":1}},"462":{"start":{"line":463,"column":0},"end":{"line":463,"column":0}},"463":{"start":{"line":464,"column":0},"end":{"line":464,"column":36}},"464":{"start":{"line":465,"column":0},"end":{"line":465,"column":104}},"465":{"start":{"line":466,"column":0},"end":{"line":466,"column":22}},"466":{"start":{"line":467,"column":0},"end":{"line":467,"column":52}},"467":{"start":{"line":468,"column":0},"end":{"line":468,"column":55}},"468":{"start":{"line":469,"column":0},"end":{"line":469,"column":52}},"469":{"start":{"line":470,"column":0},"end":{"line":470,"column":51}},"470":{"start":{"line":471,"column":0},"end":{"line":471,"column":6}},"471":{"start":{"line":472,"column":0},"end":{"line":472,"column":0}},"472":{"start":{"line":473,"column":0},"end":{"line":473,"column":19}},"473":{"start":{"line":474,"column":0},"end":{"line":474,"column":30}},"474":{"start":{"line":475,"column":0},"end":{"line":475,"column":44}},"475":{"start":{"line":476,"column":0},"end":{"line":476,"column":75}},"476":{"start":{"line":477,"column":0},"end":{"line":477,"column":48}},"477":{"start":{"line":478,"column":0},"end":{"line":478,"column":37}},"478":{"start":{"line":479,"column":0},"end":{"line":479,"column":0}},"479":{"start":{"line":480,"column":0},"end":{"line":480,"column":45}},"480":{"start":{"line":481,"column":0},"end":{"line":481,"column":20}},"481":{"start":{"line":482,"column":0},"end":{"line":482,"column":45}},"482":{"start":{"line":483,"column":0},"end":{"line":483,"column":84}},"483":{"start":{"line":484,"column":0},"end":{"line":484,"column":85}},"484":{"start":{"line":485,"column":0},"end":{"line":485,"column":38}},"485":{"start":{"line":486,"column":0},"end":{"line":486,"column":22}},"486":{"start":{"line":487,"column":0},"end":{"line":487,"column":25}},"487":{"start":{"line":488,"column":0},"end":{"line":488,"column":29}},"488":{"start":{"line":489,"column":0},"end":{"line":489,"column":34}},"489":{"start":{"line":490,"column":0},"end":{"line":490,"column":57}},"490":{"start":{"line":491,"column":0},"end":{"line":491,"column":71}},"491":{"start":{"line":492,"column":0},"end":{"line":492,"column":11}},"492":{"start":{"line":493,"column":0},"end":{"line":493,"column":0}},"493":{"start":{"line":494,"column":0},"end":{"line":494,"column":55}},"494":{"start":{"line":495,"column":0},"end":{"line":495,"column":31}},"495":{"start":{"line":496,"column":0},"end":{"line":496,"column":47}},"496":{"start":{"line":497,"column":0},"end":{"line":497,"column":85}},"497":{"start":{"line":498,"column":0},"end":{"line":498,"column":46}},"498":{"start":{"line":499,"column":0},"end":{"line":499,"column":54}},"499":{"start":{"line":500,"column":0},"end":{"line":500,"column":27}},"500":{"start":{"line":501,"column":0},"end":{"line":501,"column":22}},"501":{"start":{"line":502,"column":0},"end":{"line":502,"column":31}},"502":{"start":{"line":503,"column":0},"end":{"line":503,"column":25}},"503":{"start":{"line":504,"column":0},"end":{"line":504,"column":28}},"504":{"start":{"line":505,"column":0},"end":{"line":505,"column":67}},"505":{"start":{"line":506,"column":0},"end":{"line":506,"column":21}},"506":{"start":{"line":507,"column":0},"end":{"line":507,"column":17}},"507":{"start":{"line":508,"column":0},"end":{"line":508,"column":14}},"508":{"start":{"line":509,"column":0},"end":{"line":509,"column":11}},"509":{"start":{"line":510,"column":0},"end":{"line":510,"column":7}},"510":{"start":{"line":511,"column":0},"end":{"line":511,"column":4}},"511":{"start":{"line":512,"column":0},"end":{"line":512,"column":0}},"512":{"start":{"line":513,"column":0},"end":{"line":513,"column":32}},"513":{"start":{"line":514,"column":0},"end":{"line":514,"column":57}},"514":{"start":{"line":515,"column":0},"end":{"line":515,"column":17}},"515":{"start":{"line":516,"column":0},"end":{"line":516,"column":25}},"516":{"start":{"line":517,"column":0},"end":{"line":517,"column":39}},"517":{"start":{"line":518,"column":0},"end":{"line":518,"column":26}},"518":{"start":{"line":519,"column":0},"end":{"line":519,"column":26}},"519":{"start":{"line":520,"column":0},"end":{"line":520,"column":28}},"520":{"start":{"line":521,"column":0},"end":{"line":521,"column":21}},"521":{"start":{"line":522,"column":0},"end":{"line":522,"column":35}},"522":{"start":{"line":523,"column":0},"end":{"line":523,"column":39}},"523":{"start":{"line":524,"column":0},"end":{"line":524,"column":0}},"524":{"start":{"line":525,"column":0},"end":{"line":525,"column":73}},"525":{"start":{"line":526,"column":0},"end":{"line":526,"column":68}},"526":{"start":{"line":527,"column":0},"end":{"line":527,"column":34}},"527":{"start":{"line":528,"column":0},"end":{"line":528,"column":39}},"528":{"start":{"line":529,"column":0},"end":{"line":529,"column":37}},"529":{"start":{"line":530,"column":0},"end":{"line":530,"column":86}},"530":{"start":{"line":531,"column":0},"end":{"line":531,"column":86}},"531":{"start":{"line":532,"column":0},"end":{"line":532,"column":26}},"532":{"start":{"line":533,"column":0},"end":{"line":533,"column":25}},"533":{"start":{"line":534,"column":0},"end":{"line":534,"column":44}},"534":{"start":{"line":535,"column":0},"end":{"line":535,"column":43}},"535":{"start":{"line":536,"column":0},"end":{"line":536,"column":33}},"536":{"start":{"line":537,"column":0},"end":{"line":537,"column":39}},"537":{"start":{"line":538,"column":0},"end":{"line":538,"column":36}},"538":{"start":{"line":539,"column":0},"end":{"line":539,"column":46}},"539":{"start":{"line":540,"column":0},"end":{"line":540,"column":48}},"540":{"start":{"line":541,"column":0},"end":{"line":541,"column":29}},"541":{"start":{"line":542,"column":0},"end":{"line":542,"column":26}},"542":{"start":{"line":543,"column":0},"end":{"line":543,"column":25}},"543":{"start":{"line":544,"column":0},"end":{"line":544,"column":43}},"544":{"start":{"line":545,"column":0},"end":{"line":545,"column":25}},"545":{"start":{"line":546,"column":0},"end":{"line":546,"column":28}},"546":{"start":{"line":547,"column":0},"end":{"line":547,"column":34}},"547":{"start":{"line":548,"column":0},"end":{"line":548,"column":54}},"548":{"start":{"line":549,"column":0},"end":{"line":549,"column":0}},"549":{"start":{"line":550,"column":0},"end":{"line":550,"column":71}},"550":{"start":{"line":551,"column":0},"end":{"line":551,"column":53}},"551":{"start":{"line":552,"column":0},"end":{"line":552,"column":53}},"552":{"start":{"line":553,"column":0},"end":{"line":553,"column":18}},"553":{"start":{"line":554,"column":0},"end":{"line":554,"column":45}},"554":{"start":{"line":555,"column":0},"end":{"line":555,"column":86}},"555":{"start":{"line":556,"column":0},"end":{"line":556,"column":4}},"556":{"start":{"line":557,"column":0},"end":{"line":557,"column":50}},"557":{"start":{"line":558,"column":0},"end":{"line":558,"column":50}},"558":{"start":{"line":559,"column":0},"end":{"line":559,"column":4}},"559":{"start":{"line":560,"column":0},"end":{"line":560,"column":63}},"560":{"start":{"line":561,"column":0},"end":{"line":561,"column":0}},"561":{"start":{"line":562,"column":0},"end":{"line":562,"column":71}},"562":{"start":{"line":563,"column":0},"end":{"line":563,"column":67}},"563":{"start":{"line":564,"column":0},"end":{"line":564,"column":69}},"564":{"start":{"line":565,"column":0},"end":{"line":565,"column":67}},"565":{"start":{"line":566,"column":0},"end":{"line":566,"column":76}},"566":{"start":{"line":567,"column":0},"end":{"line":567,"column":47}},"567":{"start":{"line":568,"column":0},"end":{"line":568,"column":45}},"568":{"start":{"line":569,"column":0},"end":{"line":569,"column":35}},"569":{"start":{"line":570,"column":0},"end":{"line":570,"column":33}},"570":{"start":{"line":571,"column":0},"end":{"line":571,"column":54}},"571":{"start":{"line":572,"column":0},"end":{"line":572,"column":23}},"572":{"start":{"line":573,"column":0},"end":{"line":573,"column":0}},"573":{"start":{"line":574,"column":0},"end":{"line":574,"column":61}},"574":{"start":{"line":575,"column":0},"end":{"line":575,"column":47}},"575":{"start":{"line":576,"column":0},"end":{"line":576,"column":47}},"576":{"start":{"line":577,"column":0},"end":{"line":577,"column":36}},"577":{"start":{"line":578,"column":0},"end":{"line":578,"column":39}},"578":{"start":{"line":579,"column":0},"end":{"line":579,"column":33}},"579":{"start":{"line":580,"column":0},"end":{"line":580,"column":43}},"580":{"start":{"line":581,"column":0},"end":{"line":581,"column":23}},"581":{"start":{"line":582,"column":0},"end":{"line":582,"column":0}},"582":{"start":{"line":583,"column":0},"end":{"line":583,"column":47}},"583":{"start":{"line":584,"column":0},"end":{"line":584,"column":45}},"584":{"start":{"line":585,"column":0},"end":{"line":585,"column":36}},"585":{"start":{"line":586,"column":0},"end":{"line":586,"column":39}},"586":{"start":{"line":587,"column":0},"end":{"line":587,"column":33}},"587":{"start":{"line":588,"column":0},"end":{"line":588,"column":43}},"588":{"start":{"line":589,"column":0},"end":{"line":589,"column":32}},"589":{"start":{"line":590,"column":0},"end":{"line":590,"column":75}},"590":{"start":{"line":591,"column":0},"end":{"line":591,"column":43}},"591":{"start":{"line":592,"column":0},"end":{"line":592,"column":40}},"592":{"start":{"line":593,"column":0},"end":{"line":593,"column":35}},"593":{"start":{"line":594,"column":0},"end":{"line":594,"column":34}},"594":{"start":{"line":595,"column":0},"end":{"line":595,"column":71}},"595":{"start":{"line":596,"column":0},"end":{"line":596,"column":25}},"596":{"start":{"line":597,"column":0},"end":{"line":597,"column":23}},"597":{"start":{"line":598,"column":0},"end":{"line":598,"column":4}},"598":{"start":{"line":599,"column":0},"end":{"line":599,"column":70}},"599":{"start":{"line":600,"column":0},"end":{"line":600,"column":38}},"600":{"start":{"line":601,"column":0},"end":{"line":601,"column":78}},"601":{"start":{"line":602,"column":0},"end":{"line":602,"column":28}},"602":{"start":{"line":603,"column":0},"end":{"line":603,"column":0}},"603":{"start":{"line":604,"column":0},"end":{"line":604,"column":51}},"604":{"start":{"line":605,"column":0},"end":{"line":605,"column":0}},"605":{"start":{"line":606,"column":0},"end":{"line":606,"column":38}},"606":{"start":{"line":607,"column":0},"end":{"line":607,"column":96}},"607":{"start":{"line":608,"column":0},"end":{"line":608,"column":28}},"608":{"start":{"line":609,"column":0},"end":{"line":609,"column":4}},"609":{"start":{"line":610,"column":0},"end":{"line":610,"column":70}},"610":{"start":{"line":611,"column":0},"end":{"line":611,"column":17}},"611":{"start":{"line":612,"column":0},"end":{"line":612,"column":16}},"612":{"start":{"line":613,"column":0},"end":{"line":613,"column":10}},"613":{"start":{"line":614,"column":0},"end":{"line":614,"column":20}},"614":{"start":{"line":615,"column":0},"end":{"line":615,"column":26}},"615":{"start":{"line":616,"column":0},"end":{"line":616,"column":10}},"616":{"start":{"line":617,"column":0},"end":{"line":617,"column":17}},"617":{"start":{"line":618,"column":0},"end":{"line":618,"column":40}},"618":{"start":{"line":619,"column":0},"end":{"line":619,"column":55}},"619":{"start":{"line":620,"column":0},"end":{"line":620,"column":10}},"620":{"start":{"line":621,"column":0},"end":{"line":621,"column":17}},"621":{"start":{"line":622,"column":0},"end":{"line":622,"column":67}},"622":{"start":{"line":623,"column":0},"end":{"line":623,"column":50}},"623":{"start":{"line":624,"column":0},"end":{"line":624,"column":31}},"624":{"start":{"line":625,"column":0},"end":{"line":625,"column":28}},"625":{"start":{"line":626,"column":0},"end":{"line":626,"column":33}},"626":{"start":{"line":627,"column":0},"end":{"line":627,"column":10}},"627":{"start":{"line":628,"column":0},"end":{"line":628,"column":78}},"628":{"start":{"line":629,"column":0},"end":{"line":629,"column":35}},"629":{"start":{"line":630,"column":0},"end":{"line":630,"column":18}},"630":{"start":{"line":631,"column":0},"end":{"line":631,"column":27}},"631":{"start":{"line":632,"column":0},"end":{"line":632,"column":26}},"632":{"start":{"line":633,"column":0},"end":{"line":633,"column":36}},"633":{"start":{"line":634,"column":0},"end":{"line":634,"column":104}},"634":{"start":{"line":635,"column":0},"end":{"line":635,"column":13}},"635":{"start":{"line":636,"column":0},"end":{"line":636,"column":10}},"636":{"start":{"line":637,"column":0},"end":{"line":637,"column":23}},"637":{"start":{"line":638,"column":0},"end":{"line":638,"column":22}},"638":{"start":{"line":639,"column":0},"end":{"line":639,"column":32}},"639":{"start":{"line":640,"column":0},"end":{"line":640,"column":43}},"640":{"start":{"line":641,"column":0},"end":{"line":641,"column":14}},"641":{"start":{"line":642,"column":0},"end":{"line":642,"column":10}},"642":{"start":{"line":643,"column":0},"end":{"line":643,"column":32}},"643":{"start":{"line":644,"column":0},"end":{"line":644,"column":7}},"644":{"start":{"line":645,"column":0},"end":{"line":645,"column":1}},"645":{"start":{"line":646,"column":0},"end":{"line":646,"column":37}},"646":{"start":{"line":647,"column":0},"end":{"line":647,"column":104}},"647":{"start":{"line":648,"column":0},"end":{"line":648,"column":22}},"648":{"start":{"line":649,"column":0},"end":{"line":649,"column":52}},"649":{"start":{"line":650,"column":0},"end":{"line":650,"column":55}},"650":{"start":{"line":651,"column":0},"end":{"line":651,"column":52}},"651":{"start":{"line":652,"column":0},"end":{"line":652,"column":51}},"652":{"start":{"line":653,"column":0},"end":{"line":653,"column":6}},"653":{"start":{"line":654,"column":0},"end":{"line":654,"column":0}},"654":{"start":{"line":655,"column":0},"end":{"line":655,"column":19}},"655":{"start":{"line":656,"column":0},"end":{"line":656,"column":30}},"656":{"start":{"line":657,"column":0},"end":{"line":657,"column":44}},"657":{"start":{"line":658,"column":0},"end":{"line":658,"column":75}},"658":{"start":{"line":659,"column":0},"end":{"line":659,"column":48}},"659":{"start":{"line":660,"column":0},"end":{"line":660,"column":37}},"660":{"start":{"line":661,"column":0},"end":{"line":661,"column":0}},"661":{"start":{"line":662,"column":0},"end":{"line":662,"column":45}},"662":{"start":{"line":663,"column":0},"end":{"line":663,"column":20}},"663":{"start":{"line":664,"column":0},"end":{"line":664,"column":45}},"664":{"start":{"line":665,"column":0},"end":{"line":665,"column":84}},"665":{"start":{"line":666,"column":0},"end":{"line":666,"column":85}},"666":{"start":{"line":667,"column":0},"end":{"line":667,"column":38}},"667":{"start":{"line":668,"column":0},"end":{"line":668,"column":22}},"668":{"start":{"line":669,"column":0},"end":{"line":669,"column":25}},"669":{"start":{"line":670,"column":0},"end":{"line":670,"column":29}},"670":{"start":{"line":671,"column":0},"end":{"line":671,"column":34}},"671":{"start":{"line":672,"column":0},"end":{"line":672,"column":57}},"672":{"start":{"line":673,"column":0},"end":{"line":673,"column":71}},"673":{"start":{"line":674,"column":0},"end":{"line":674,"column":11}},"674":{"start":{"line":675,"column":0},"end":{"line":675,"column":0}},"675":{"start":{"line":676,"column":0},"end":{"line":676,"column":55}},"676":{"start":{"line":677,"column":0},"end":{"line":677,"column":31}},"677":{"start":{"line":678,"column":0},"end":{"line":678,"column":47}},"678":{"start":{"line":679,"column":0},"end":{"line":679,"column":85}},"679":{"start":{"line":680,"column":0},"end":{"line":680,"column":46}},"680":{"start":{"line":681,"column":0},"end":{"line":681,"column":54}},"681":{"start":{"line":682,"column":0},"end":{"line":682,"column":27}},"682":{"start":{"line":683,"column":0},"end":{"line":683,"column":22}},"683":{"start":{"line":684,"column":0},"end":{"line":684,"column":31}},"684":{"start":{"line":685,"column":0},"end":{"line":685,"column":25}},"685":{"start":{"line":686,"column":0},"end":{"line":686,"column":28}},"686":{"start":{"line":687,"column":0},"end":{"line":687,"column":67}},"687":{"start":{"line":688,"column":0},"end":{"line":688,"column":21}},"688":{"start":{"line":689,"column":0},"end":{"line":689,"column":17}},"689":{"start":{"line":690,"column":0},"end":{"line":690,"column":14}},"690":{"start":{"line":691,"column":0},"end":{"line":691,"column":11}},"691":{"start":{"line":692,"column":0},"end":{"line":692,"column":7}},"692":{"start":{"line":693,"column":0},"end":{"line":693,"column":4}},"693":{"start":{"line":694,"column":0},"end":{"line":694,"column":0}},"694":{"start":{"line":695,"column":0},"end":{"line":695,"column":32}},"695":{"start":{"line":696,"column":0},"end":{"line":696,"column":58}},"696":{"start":{"line":697,"column":0},"end":{"line":697,"column":17}},"697":{"start":{"line":698,"column":0},"end":{"line":698,"column":25}},"698":{"start":{"line":699,"column":0},"end":{"line":699,"column":39}},"699":{"start":{"line":700,"column":0},"end":{"line":700,"column":26}},"700":{"start":{"line":701,"column":0},"end":{"line":701,"column":26}},"701":{"start":{"line":702,"column":0},"end":{"line":702,"column":28}},"702":{"start":{"line":703,"column":0},"end":{"line":703,"column":10}},"703":{"start":{"line":704,"column":0},"end":{"line":704,"column":17}},"704":{"start":{"line":705,"column":0},"end":{"line":705,"column":40}},"705":{"start":{"line":706,"column":0},"end":{"line":706,"column":55}},"706":{"start":{"line":707,"column":0},"end":{"line":707,"column":10}},"707":{"start":{"line":708,"column":0},"end":{"line":708,"column":20}},"708":{"start":{"line":709,"column":0},"end":{"line":709,"column":26}},"709":{"start":{"line":710,"column":0},"end":{"line":710,"column":10}},"710":{"start":{"line":711,"column":0},"end":{"line":711,"column":17}},"711":{"start":{"line":712,"column":0},"end":{"line":712,"column":67}},"712":{"start":{"line":713,"column":0},"end":{"line":713,"column":50}},"713":{"start":{"line":714,"column":0},"end":{"line":714,"column":31}},"714":{"start":{"line":715,"column":0},"end":{"line":715,"column":28}},"715":{"start":{"line":716,"column":0},"end":{"line":716,"column":33}},"716":{"start":{"line":717,"column":0},"end":{"line":717,"column":10}},"717":{"start":{"line":718,"column":0},"end":{"line":718,"column":78}},"718":{"start":{"line":719,"column":0},"end":{"line":719,"column":35}},"719":{"start":{"line":720,"column":0},"end":{"line":720,"column":18}},"720":{"start":{"line":721,"column":0},"end":{"line":721,"column":27}},"721":{"start":{"line":722,"column":0},"end":{"line":722,"column":26}},"722":{"start":{"line":723,"column":0},"end":{"line":723,"column":36}},"723":{"start":{"line":724,"column":0},"end":{"line":724,"column":104}},"724":{"start":{"line":725,"column":0},"end":{"line":725,"column":13}},"725":{"start":{"line":726,"column":0},"end":{"line":726,"column":10}},"726":{"start":{"line":727,"column":0},"end":{"line":727,"column":23}},"727":{"start":{"line":728,"column":0},"end":{"line":728,"column":22}},"728":{"start":{"line":729,"column":0},"end":{"line":729,"column":32}},"729":{"start":{"line":730,"column":0},"end":{"line":730,"column":43}},"730":{"start":{"line":731,"column":0},"end":{"line":731,"column":14}},"731":{"start":{"line":732,"column":0},"end":{"line":732,"column":10}},"732":{"start":{"line":733,"column":0},"end":{"line":733,"column":32}},"733":{"start":{"line":734,"column":0},"end":{"line":734,"column":7}},"734":{"start":{"line":735,"column":0},"end":{"line":735,"column":1}},"735":{"start":{"line":736,"column":0},"end":{"line":736,"column":0}},"736":{"start":{"line":737,"column":0},"end":{"line":737,"column":51}},"737":{"start":{"line":738,"column":0},"end":{"line":738,"column":78}},"738":{"start":{"line":739,"column":0},"end":{"line":739,"column":28}},"739":{"start":{"line":740,"column":0},"end":{"line":740,"column":35}},"740":{"start":{"line":741,"column":0},"end":{"line":741,"column":104}},"741":{"start":{"line":742,"column":0},"end":{"line":742,"column":36}},"742":{"start":{"line":743,"column":0},"end":{"line":743,"column":34}},"743":{"start":{"line":744,"column":0},"end":{"line":744,"column":65}},"744":{"start":{"line":745,"column":0},"end":{"line":745,"column":85}},"745":{"start":{"line":746,"column":0},"end":{"line":746,"column":65}},"746":{"start":{"line":747,"column":0},"end":{"line":747,"column":61}},"747":{"start":{"line":748,"column":0},"end":{"line":748,"column":17}},"748":{"start":{"line":749,"column":0},"end":{"line":749,"column":13}},"749":{"start":{"line":750,"column":0},"end":{"line":750,"column":44}},"750":{"start":{"line":751,"column":0},"end":{"line":751,"column":40}},"751":{"start":{"line":752,"column":0},"end":{"line":752,"column":39}},"752":{"start":{"line":753,"column":0},"end":{"line":753,"column":43}},"753":{"start":{"line":754,"column":0},"end":{"line":754,"column":53}},"754":{"start":{"line":755,"column":0},"end":{"line":755,"column":53}},"755":{"start":{"line":756,"column":0},"end":{"line":756,"column":47}},"756":{"start":{"line":757,"column":0},"end":{"line":757,"column":67}},"757":{"start":{"line":758,"column":0},"end":{"line":758,"column":34}},"758":{"start":{"line":759,"column":0},"end":{"line":759,"column":89}},"759":{"start":{"line":760,"column":0},"end":{"line":760,"column":32}},"760":{"start":{"line":761,"column":0},"end":{"line":761,"column":18}},"761":{"start":{"line":762,"column":0},"end":{"line":762,"column":13}},"762":{"start":{"line":763,"column":0},"end":{"line":763,"column":16}},"763":{"start":{"line":764,"column":0},"end":{"line":764,"column":82}},"764":{"start":{"line":765,"column":0},"end":{"line":765,"column":9}},"765":{"start":{"line":766,"column":0},"end":{"line":766,"column":7}},"766":{"start":{"line":767,"column":0},"end":{"line":767,"column":53}},"767":{"start":{"line":768,"column":0},"end":{"line":768,"column":50}},"768":{"start":{"line":769,"column":0},"end":{"line":769,"column":54}},"769":{"start":{"line":770,"column":0},"end":{"line":770,"column":1}},"770":{"start":{"line":771,"column":0},"end":{"line":771,"column":0}},"771":{"start":{"line":772,"column":0},"end":{"line":772,"column":54}},"772":{"start":{"line":773,"column":0},"end":{"line":773,"column":67}},"773":{"start":{"line":774,"column":0},"end":{"line":774,"column":55}},"774":{"start":{"line":775,"column":0},"end":{"line":775,"column":15}},"775":{"start":{"line":776,"column":0},"end":{"line":776,"column":5}},"776":{"start":{"line":777,"column":0},"end":{"line":777,"column":0}},"777":{"start":{"line":778,"column":0},"end":{"line":778,"column":65}},"778":{"start":{"line":779,"column":0},"end":{"line":779,"column":25}},"779":{"start":{"line":780,"column":0},"end":{"line":780,"column":21}},"780":{"start":{"line":781,"column":0},"end":{"line":781,"column":22}},"781":{"start":{"line":782,"column":0},"end":{"line":782,"column":0}},"782":{"start":{"line":783,"column":0},"end":{"line":783,"column":23}},"783":{"start":{"line":784,"column":0},"end":{"line":784,"column":39}},"784":{"start":{"line":785,"column":0},"end":{"line":785,"column":0}},"785":{"start":{"line":786,"column":0},"end":{"line":786,"column":49}},"786":{"start":{"line":787,"column":0},"end":{"line":787,"column":36}},"787":{"start":{"line":788,"column":0},"end":{"line":788,"column":25}},"788":{"start":{"line":789,"column":0},"end":{"line":789,"column":0}},"789":{"start":{"line":790,"column":0},"end":{"line":790,"column":30}},"790":{"start":{"line":791,"column":0},"end":{"line":791,"column":34}},"791":{"start":{"line":792,"column":0},"end":{"line":792,"column":0}},"792":{"start":{"line":793,"column":0},"end":{"line":793,"column":43}},"793":{"start":{"line":794,"column":0},"end":{"line":794,"column":43}},"794":{"start":{"line":795,"column":0},"end":{"line":795,"column":53}},"795":{"start":{"line":796,"column":0},"end":{"line":796,"column":53}},"796":{"start":{"line":797,"column":0},"end":{"line":797,"column":0}},"797":{"start":{"line":798,"column":0},"end":{"line":798,"column":20}},"798":{"start":{"line":799,"column":0},"end":{"line":799,"column":38}},"799":{"start":{"line":800,"column":0},"end":{"line":800,"column":84}},"800":{"start":{"line":801,"column":0},"end":{"line":801,"column":43}},"801":{"start":{"line":802,"column":0},"end":{"line":802,"column":38}},"802":{"start":{"line":803,"column":0},"end":{"line":803,"column":22}},"803":{"start":{"line":804,"column":0},"end":{"line":804,"column":31}},"804":{"start":{"line":805,"column":0},"end":{"line":805,"column":34}},"805":{"start":{"line":806,"column":0},"end":{"line":806,"column":38}},"806":{"start":{"line":807,"column":0},"end":{"line":807,"column":11}},"807":{"start":{"line":808,"column":0},"end":{"line":808,"column":0}},"808":{"start":{"line":809,"column":0},"end":{"line":809,"column":24}},"809":{"start":{"line":810,"column":0},"end":{"line":810,"column":47}},"810":{"start":{"line":811,"column":0},"end":{"line":811,"column":53}},"811":{"start":{"line":812,"column":0},"end":{"line":812,"column":36}},"812":{"start":{"line":813,"column":0},"end":{"line":813,"column":25}},"813":{"start":{"line":814,"column":0},"end":{"line":814,"column":27}},"814":{"start":{"line":815,"column":0},"end":{"line":815,"column":22}},"815":{"start":{"line":816,"column":0},"end":{"line":816,"column":31}},"816":{"start":{"line":817,"column":0},"end":{"line":817,"column":25}},"817":{"start":{"line":818,"column":0},"end":{"line":818,"column":28}},"818":{"start":{"line":819,"column":0},"end":{"line":819,"column":64}},"819":{"start":{"line":820,"column":0},"end":{"line":820,"column":21}},"820":{"start":{"line":821,"column":0},"end":{"line":821,"column":17}},"821":{"start":{"line":822,"column":0},"end":{"line":822,"column":14}},"822":{"start":{"line":823,"column":0},"end":{"line":823,"column":11}},"823":{"start":{"line":824,"column":0},"end":{"line":824,"column":0}},"824":{"start":{"line":825,"column":0},"end":{"line":825,"column":49}},"825":{"start":{"line":826,"column":0},"end":{"line":826,"column":24}},"826":{"start":{"line":827,"column":0},"end":{"line":827,"column":41}},"827":{"start":{"line":828,"column":0},"end":{"line":828,"column":28}},"828":{"start":{"line":829,"column":0},"end":{"line":829,"column":38}},"829":{"start":{"line":830,"column":0},"end":{"line":830,"column":25}},"830":{"start":{"line":831,"column":0},"end":{"line":831,"column":21}},"831":{"start":{"line":832,"column":0},"end":{"line":832,"column":26}},"832":{"start":{"line":833,"column":0},"end":{"line":833,"column":30}},"833":{"start":{"line":834,"column":0},"end":{"line":834,"column":53}},"834":{"start":{"line":835,"column":0},"end":{"line":835,"column":14}},"835":{"start":{"line":836,"column":0},"end":{"line":836,"column":38}},"836":{"start":{"line":837,"column":0},"end":{"line":837,"column":11}},"837":{"start":{"line":838,"column":0},"end":{"line":838,"column":0}},"838":{"start":{"line":839,"column":0},"end":{"line":839,"column":24}},"839":{"start":{"line":840,"column":0},"end":{"line":840,"column":41}},"840":{"start":{"line":841,"column":0},"end":{"line":841,"column":28}},"841":{"start":{"line":842,"column":0},"end":{"line":842,"column":38}},"842":{"start":{"line":843,"column":0},"end":{"line":843,"column":25}},"843":{"start":{"line":844,"column":0},"end":{"line":844,"column":21}},"844":{"start":{"line":845,"column":0},"end":{"line":845,"column":26}},"845":{"start":{"line":846,"column":0},"end":{"line":846,"column":30}},"846":{"start":{"line":847,"column":0},"end":{"line":847,"column":53}},"847":{"start":{"line":848,"column":0},"end":{"line":848,"column":14}},"848":{"start":{"line":849,"column":0},"end":{"line":849,"column":38}},"849":{"start":{"line":850,"column":0},"end":{"line":850,"column":11}},"850":{"start":{"line":851,"column":0},"end":{"line":851,"column":0}},"851":{"start":{"line":852,"column":0},"end":{"line":852,"column":36}},"852":{"start":{"line":853,"column":0},"end":{"line":853,"column":88}},"853":{"start":{"line":854,"column":0},"end":{"line":854,"column":88}},"854":{"start":{"line":855,"column":0},"end":{"line":855,"column":7}},"855":{"start":{"line":856,"column":0},"end":{"line":856,"column":0}},"856":{"start":{"line":857,"column":0},"end":{"line":857,"column":38}},"857":{"start":{"line":858,"column":0},"end":{"line":858,"column":16}},"858":{"start":{"line":859,"column":0},"end":{"line":859,"column":25}},"859":{"start":{"line":860,"column":0},"end":{"line":860,"column":39}},"860":{"start":{"line":861,"column":0},"end":{"line":861,"column":27}},"861":{"start":{"line":862,"column":0},"end":{"line":862,"column":21}},"862":{"start":{"line":863,"column":0},"end":{"line":863,"column":35}},"863":{"start":{"line":864,"column":0},"end":{"line":864,"column":39}},"864":{"start":{"line":865,"column":0},"end":{"line":865,"column":41}},"865":{"start":{"line":866,"column":0},"end":{"line":866,"column":66}},"866
[...]
{"start":{"line":121,"column":0},"end":{"line":121,"column":24}},"122":{"start":{"line":123,"column":0},"end":{"line":123,"column":69}},"123":{"start":{"line":124,"column":0},"end":{"line":124,"column":56}},"124":{"start":{"line":125,"column":0},"end":{"line":125,"column":126}},"125":{"start":{"line":126,"column":0},"end":{"line":126,"column":64}},"126":{"start":{"line":127,"column":0},"end":{"line":127,"column":17}},"127":{"start":{"line":128,"column":0},"end":{"line":128,"column":20}},"128":{"start":{"line":129,"column":0},"end":{"line":129,"column":120}},"129":{"start":{"line":130,"column":0},"end":{"line":130,"column":13}},"130":{"start":{"line":131,"column":0},"end":{"line":131,"column":9}},"131":{"start":{"line":132,"column":0},"end":{"line":132,"column":21}},"132":{"start":{"line":133,"column":0},"end":{"line":133,"column":55}},"134":{"start":{"line":135,"column":0},"end":{"line":135,"column":56}},"135":{"start":{"line":136,"column":0},"end":{"line":136,"column":97}},"137":{"start":{"line":138,"column":0},"end":{"line":138,"column":67}},"138":{"start":{"line":139,"column":0},"end":{"line":139,"column":16}},"140":{"start":{"line":141,"column":0},"end":{"line":141,"column":43}},"144":{"start":{"line":145,"column":0},"end":{"line":145,"column":9}},"145":{"start":{"line":146,"column":0},"end":{"line":146,"column":5}},"146":{"start":{"line":147,"column":0},"end":{"line":147,"column":2}},"149":{"start":{"line":150,"column":0},"end":{"line":150,"column":46}}},"s":{"1":1,"2":16,"3":16,"4":16,"6":16,"7":2,"8":2,"9":2,"12":14,"15":14,"16":14,"18":16,"19":21,"20":21,"22":14,"23":14,"24":14,"25":14,"26":14,"28":11,"29":11,"32":11,"35":11,"36":5,"38":16,"40":6,"41":5,"42":7,"43":7,"44":7,"45":1,"46":7,"47":2,"48":6,"49":4,"50":4,"51":7,"52":7,"53":5,"54":5,"57":6,"58":1,"59":1,"60":16,"63":5,"64":5,"67":5,"68":4,"69":5,"70":2,"71":2,"72":3,"74":3,"75":0,"76":3,"78":3,"79":3,"80":3,"81":4,"84":4,"86":3,"87":3,"88":3,"89":3,"91":3,"93":1,"94":3,"96":2,"97":2,"99":3,"102":3,"103":3,"104":3,"105":3,"106":3,"107":3,"108":3,"109":3,"110":3,"111":3,"112":3,"114":3,"116":1,"117":3,"119":3,"120":4,"122":1,"123":1,"124":1,"125":1,"126":1,"127":5,"128":1,"129":1,"130":5,"131":16,"132":3,"134":3,"135":3,"137":2,"138":2,"140":1,"144":1,"145":3,"146":16,"149":1},"branchMap":{"0":{"type":"branch","line":2,"loc":{"start":{"line":2,"column":21},"end":{"line":147,"column":2}},"locations":[{"start":{"line":2,"column":21},"end":{"line":147,"column":2}}]},"1":{"type":"branch","line":7,"loc":{"start":{"line":7,"column":28},"end":{"line":10,"column":5}},"locations":[{"start":{"line":7,"column":28},"end":{"line":10,"column":5}}]},"2":{"type":"branch","line":10,"loc":{"start":{"line":10,"column":4},"end":{"line":19,"column":30}},"locations":[{"start":{"line":10,"column":4},"end":{"line":19,"column":30}}]},"3":{"type":"branch","line":19,"loc":{"start":{"line":19,"column":30},"end":{"line":21,"column":5}},"locations":[{"start":{"line":19,"column":30},"end":{"line":21,"column":5}}]},"4":{"type":"branch","line":21,"loc":{"start":{"line":21,"column":4},"end":{"line":27,"column":11}},"locations":[{"start":{"line":21,"column":4},"end":{"line":27,"column":11}}]},"5":{"type":"branch","line":27,"loc":{"start":{"line":27,"column":9},"end":{"line":36,"column":78}},"locations":[{"start":{"line":27,"column":9},"end":{"line":36,"column":78}}]},"6":{"type":"branch","line":36,"loc":{"start":{"line":36,"column":63},"end":{"line":37,"column":116}},"locations":[{"start":{"line":36,"column":63},"end":{"line":37,"column":116}}]},"7":{"type":"branch","line":39,"loc":{"start":{"line":39,"column":31},"end":{"line":61,"column":15}},"locations":[{"start":{"line":39,"column":31},"end":{"line":61,"column":15}}]},"8":{"type":"branch","line":41,"loc":{"start":{"line":41,"column":49},"end":{"line":55,"column":13}},"locations":[{"start":{"line":41,"column":49},"end":{"line":55,"column":13}}]},"9":{"type":"branch","line":58,"loc":{"start":{"line":58,"column":59},"end":{"line":60,"column":13}},"locations":[{"start":{"line":58,"column":59},"end":{"line":60,"column":13}}]},"10":{"type":"branch","line":61,"loc":{"start":{"line":61,"column":8},"end":{"line":131,"column":9}},"locations":[{"start":{"line":61,"column":8},"end":{"line":131,"column":9}}]},"11":{"type":"branch","line":68,"loc":{"start":{"line":68,"column":46},"end":{"line":68,"column":70}},"locations":[{"start":{"line":68,"column":46},"end":{"line":68,"column":70}}]},"12":{"type":"branch","line":68,"loc":{"start":{"line":68,"column":70},"end":{"line":128,"column":19}},"locations":[{"start":{"line":68,"column":70},"end":{"line":128,"column":19}}]},"13":{"type":"branch","line":85,"loc":{"start":{"line":85,"column":38},"end":{"line":121,"column":23}},"locations":[{"start":{"line":85,"column":38},"end":{"line":121,"column":23}}]},"14":{"type":"branch","line":92,"loc":{"start":{"line":92,"column":40},"end":{"line":95,"column":27}},"locations":[{"start":{"line":92,"column":40},"end":{"line":95,"column":27}}]},"15":{"type":"branch","line":95,"loc":{"start":{"line":95,"column":20},"end":{"line":98,"column":21}},"locations":[{"start":{"line":95,"column":20},"end":{"line":98,"column":21}}]},"16":{"type":"branch","line":121,"loc":{"start":{"line":121,"column":16},"end":{"line":127,"column":17}},"locations":[{"start":{"line":121,"column":16},"end":{"line":127,"column":17}}]},"17":{"type":"branch","line":128,"loc":{"start":{"line":128,"column":12},"end":{"line":130,"column":13}},"locations":[{"start":{"line":128,"column":12},"end":{"line":130,"column":13}}]},"18":{"type":"branch","line":132,"loc":{"start":{"line":132,"column":4},"end":{"line":146,"column":5}},"locations":[{"start":{"line":132,"column":4},"end":{"line":146,"column":5}}]},"19":{"type":"branch","line":135,"loc":{"start":{"line":135,"column":41},"end":{"line":136,"column":96}},"locations":[{"start":{"line":135,"column":41},"end":{"line":136,"column":96}}]},"20":{"type":"branch","line":136,"loc":{"start":{"line":136,"column":96},"end":{"line":145,"column":9}},"locations":[{"start":{"line":136,"column":96},"end":{"line":145,"column":9}}]},"21":{"type":"branch","line":139,"loc":{"start":{"line":139,"column":8},"end":{"line":145,"column":9}},"locations":[{"start":{"line":139,"column":8},"end":{"line":145,"column":9}}]},"22":{"type":"branch","line":13,"loc":{"start":{"line":13,"column":57},"end":{"line":13,"column":68}},"locations":[{"start":{"line":13,"column":57},"end":{"line":13,"column":68}}]},"23":{"type":"branch","line":42,"loc":{"start":{"line":42,"column":31},"end":{"line":54,"column":17}},"locations":[{"start":{"line":42,"column":31},"end":{"line":54,"column":17}}]},"24":{"type":"branch","line":45,"loc":{"start":{"line":45,"column":46},"end":{"line":47,"column":35}},"locations":[{"start":{"line":45,"column":46},"end":{"line":47,"column":35}}]},"25":{"type":"branch","line":47,"loc":{"start":{"line":47,"column":24},"end":{"line":51,"column":25}},"locations":[{"start":{"line":47,"column":24},"end":{"line":51,"column":25}}]},"26":{"type":"branch","line":47,"loc":{"start":{"line":47,"column":68},"end":{"line":49,"column":31}},"locations":[{"start":{"line":47,"column":68},"end":{"line":49,"column":31}}]},"27":{"type":"branch","line":49,"loc":{"start":{"line":49,"column":24},"end":{"line":51,"column":25}},"locations":[{"start":{"line":49,"column":24},"end":{"line":51,"column":25}}]},"28":{"type":"branch","line":69,"loc":{"start":{"line":69,"column":31},"end":{"line":82,"column":17}},"locations":[{"start":{"line":69,"column":31},"end":{"line":82,"column":17}}]},"29":{"type":"branch","line":70,"loc":{"start":{"line":70,"column":41},"end":{"line":72,"column":22}},"locations":[{"start":{"line":70,"column":41},"end":{"line":72,"column":22}}]},"30":{"type":"branch","line":72,"loc":{"start":{"line":72,"column":20},"end":{"line":81,"column":21}},"locations":[{"start":{"line":72,"column":20},"end":{"line":81,"column":21}}]},"31":{"type":"branch","line":75,"loc":{"start":{"line":75,"column":52},"end":{"line":77,"column":31}},"locations":[{"start":{"line":75,"column":52},"end":{"line":77,"column":31}}]},"32":{"type":"branch","line":115,"loc":{"start":{"line":115,"column":60},"end":{"line":118,"column":21}},"locations":[{"start":{"line":115,"column":60},"end":{"line":118,"column":21}}]}},"b":{"0":[16],"1":[2],"2":[14],"3":[21],"4":[14],"5":[11],"6":[5],"7":[6],"8":[5],"9":[1],"10":[5],"11":[4],"12":[4],"13":[3],"14":[1],"15":[2],"16":[1],"17":[1],"18":[3],"19":[1],"20":[2],"21":[1],"22":[21],"23":[7],"24":[1],"25":[6],"26":[2],"27":[4],"28":[5],"29":[2],"30":[3],"31":[0],"32":[1]},"fnMap":{"0":{"name":"window.uploadFiles","decl":{"start":{"line":2,"column":21},"end":{"line":147,"column":2}},"loc":{"start":{"line":2,"column":21},"end":{"line":147,"column":2}},"line":2}},"f":{"0":16}}
,"C:\\Users\\ramir\\OneDrive\\Documents\\GitHub\\sdp25_unknown\\code\\frontend\\scripts\\uploadMultiplePatients.js": {"path":"C:\\Users\\ramir\\OneDrive\\Documents\\GitHub\\sdp25_unknown\\code\\frontend\\scripts\\uploadMultiplePatients.js","all":false,"statementMap":{"1":{"start":{"line":2,"column":0},"end":{"line":2,"column":38}},"2":{"start":{"line":3,"column":0},"end":{"line":3,"column":36}},"3":{"start":{"line":4,"column":0},"end":{"line":4,"column":54}},"4":{"start":{"line":5,"column":0},"end":{"line":5,"column":36}},"6":{"start":{"line":7,"column":0},"end":{"line":7,"column":16}},"7":{"start":{"line":8,"column":0},"end":{"line":8,"column":53}},"8":{"start":{"line":9,"column":0},"end":{"line":9,"column":15}},"9":{"start":{"line":10,"column":0},"end":{"line":10,"column":5}},"11":{"start":{"line":12,"column":0},"end":{"line":12,"column":34}},"14":{"start":{"line":15,"column":0},"end":{"line":15,"column":66}},"15":{"start":{"line":16,"column":0},"end":{"line":16,"column":74}},"17":{"start":{"line":18,"column":0},"end":{"line":18,"column":9}},"18":{"start":{"line":19,"column":0},"end":{"line":19,"column":65}},"19":{"start":{"line":20,"column":0},"end":{"line":20,"column":27}},"20":{"start":{"line":21,"column":0},"end":{"line":21,"column":26}},"21":{"start":{"line":22,"column":0},"end":{"line":22,"column":11}},"23":{"start":{"line":24,"column":0},"end":{"line":24,"column":45}},"24":{"start":{"line":25,"column":0},"end":{"line":25,"column":48}},"27":{"start":{"line":28,"column":0},"end":{"line":28,"column":41}},"30":{"start":{"line":31,"column":0},"end":{"line":31,"column":60}},"32":{"start":{"line":33,"column":0},"end":{"line":33,"column":82}},"33":{"start":{"line":34,"column":0},"end":{"line":34,"column":120}},"35":{"start":{"line":36,"column":0},"end":{"line":36,"column":36}},"37":{"start":{"line":38,"column":0},"end":{"line":38,"column":52}},"38":{"start":{"line":39,"column":0},"end":{"line":39,"column":70}},"39":{"start":{"line":40,"column":0},"end":{"line":40,"column":40}},"40":{"start":{"line":41,"column":0},"end":{"line":41,"column":97}},"41":{"start":{"line":42,"column":0},"end":{"line":42,"column":28}},"42":{"start":{"line":43,"column":0},"end":{"line":43,"column":94}},"43":{"start":{"line":44,"column":0},"end":{"line":44,"column":21}},"44":{"start":{"line":45,"column":0},"end":{"line":45,"column":65}},"45":{"start":{"line":46,"column":0},"end":{"line":46,"column":19}},"46":{"start":{"line":47,"column":0},"end":{"line":47,"column":20}},"49":{"start":{"line":50,"column":0},"end":{"line":50,"column":81}},"51":{"start":{"line":52,"column":0},"end":{"line":52,"column":33}},"53":{"start":{"line":54,"column":0},"end":{"line":54,"column":71}},"54":{"start":{"line":55,"column":0},"end":{"line":55,"column":59}},"55":{"start":{"line":56,"column":0},"end":{"line":56,"column":61}},"56":{"start":{"line":57,"column":0},"end":{"line":57,"column":59}},"57":{"start":{"line":58,"column":0},"end":{"line":58,"column":74}},"58":{"start":{"line":59,"column":0},"end":{"line":59,"column":66}},"61":{"start":{"line":62,"column":0},"end":{"line":62,"column":51}},"64":{"start":{"line":65,"column":0},"end":{"line":65,"column":56}},"65":{"start":{"line":66,"column":0},"end":{"line":66,"column":69}},"66":{"start":{"line":67,"column":0},"end":{"line":67,"column":33}},"68":{"start":{"line":69,"column":0},"end":{"line":69,"column":89}},"69":{"start":{"line":70,"column":0},"end":{"line":70,"column":43}},"70":{"start":{"line":71,"column":0},"end":{"line":71,"column":96}},"71":{"start":{"line":72,"column":0},"end":{"line":72,"column":29}},"72":{"start":{"line":73,"column":0},"end":{"line":73,"column":25}},"73":{"start":{"line":74,"column":0},"end":{"line":74,"column":23}},"76":{"start":{"line":77,"column":0},"end":{"line":77,"column":46}},"78":{"start":{"line":79,"column":0},"end":{"line":79,"column":76}},"79":{"start":{"line":80,"column":0},"end":{"line":80,"column":68}},"80":{"start":{"line":81,"column":0},"end":{"line":81,"column":61}},"81":{"start":{"line":82,"column":0},"end":{"line":82,"column":60}},"82":{"start":{"line":83,"column":0},"end":{"line":83,"column":63}},"83":{"start":{"line":84,"column":0},"end":{"line":84,"column":69}},"84":{"start":{"line":85,"column":0},"end":{"line":85,"column":57}},"85":{"start":{"line":86,"column":0},"end":{"line":86,"column":57}},"86":{"start":{"line":87,"column":0},"end":{"line":87,"column":62}},"87":{"start":{"line":88,"column":0},"end":{"line":88,"column":60}},"88":{"start":{"line":89,"column":0},"end":{"line":89,"column":59}},"90":{"start":{"line":91,"column":0},"end":{"line":91,"column":73}},"91":{"start":{"line":92,"column":0},"end":{"line":92,"column":86}},"92":{"start":{"line":93,"column":0},"end":{"line":93,"column":27}},"94":{"start":{"line":95,"column":0},"end":{"line":95,"column":66}},"95":{"start":{"line":96,"column":0},"end":{"line":96,"column":21}},"96":{"start":{"line":97,"column":0},"end":{"line":97,"column":24}},"98":{"start":{"line":99,"column":0},"end":{"line":99,"column":56}},"99":{"start":{"line":100,"column":0},"end":{"line":100,"column":44}},"100":{"start":{"line":101,"column":0},"end":{"line":101,"column":78}},"101":{"start":{"line":102,"column":0},"end":{"line":102,"column":101}},"102":{"start":{"line":103,"column":0},"end":{"line":103,"column":73}},"103":{"start":{"line":104,"column":0},"end":{"line":104,"column":25}},"104":{"start":{"line":105,"column":0},"end":{"line":105,"column":23}},"105":{"start":{"line":106,"column":0},"end":{"line":106,"column":17}},"106":{"start":{"line":107,"column":0},"end":{"line":107,"column":13}},"107":{"start":{"line":108,"column":0},"end":{"line":108,"column":34}},"108":{"start":{"line":109,"column":0},"end":{"line":109,"column":69}},"109":{"start":{"line":110,"column":0},"end":{"line":110,"column":16}},"110":{"start":{"line":111,"column":0},"end":{"line":111,"column":43}},"114":{"start":{"line":115,"column":0},"end":{"line":115,"column":9}},"115":{"start":{"line":116,"column":0},"end":{"line":116,"column":21}},"116":{"start":{"line":117,"column":0},"end":{"line":117,"column":54}},"118":{"start":{"line":119,"column":0},"end":{"line":119,"column":80}},"119":{"start":{"line":120,"column":0},"end":{"line":120,"column":5}},"120":{"start":{"line":121,"column":0},"end":{"line":121,"column":2}},"123":{"start":{"line":124,"column":0},"end":{"line":124,"column":44}}},"s":{"1":1,"2":17,"3":17,"4":17,"6":17,"7":2,"8":2,"9":2,"11":15,"14":15,"15":15,"17":15,"18":15,"19":15,"20":15,"21":15,"23":13,"24":13,"27":13,"30":17,"32":8,"33":4,"35":8,"37":6,"38":14,"39":14,"40":8,"41":14,"42":6,"43":6,"44":14,"45":6,"46":8,"49":2,"51":2,"53":2,"54":2,"55":2,"56":2,"57":2,"58":2,"61":2,"64":2,"65":2,"66":2,"68":2,"69":2,"70":0,"71":0,"72":2,"73":2,"76":2,"78":2,"79":2,"80":2,"81":2,"82":2,"83":2,"84":2,"85":2,"86":2,"87":2,"88":2,"90":2,"91":0,"92":2,"94":2,"95":2,"96":2,"98":0,"99":0,"100":0,"101":0,"102":0,"103":0,"104":0,"105":0,"106":2,"107":17,"108":2,"109":4,"110":3,"114":3,"115":17,"116":2,"118":2,"119":2,"120":17,"123":1},"branchMap":{"0":{"type":"branch","line":2,"loc":{"start":{"line":2,"column":20},"end":{"line":121,"column":2}},"locations":[{"start":{"line":2,"column":20},"end":{"line":121,"column":2}}]},"1":{"type":"branch","line":7,"loc":{"start":{"line":7,"column":15},"end":{"line":10,"column":5}},"locations":[{"start":{"line":7,"column":15},"end":{"line":10,"column":5}}]},"2":{"type":"branch","line":10,"loc":{"start":{"line":10,"column":4},"end":{"line":22,"column":11}},"locations":[{"start":{"line":10,"column":4},"end":{"line":22,"column":11}}]},"3":{"type":"branch","line":22,"loc":{"start":{"line":22,"column":9},"end":{"line":31,"column":31}},"locations":[{"start":{"line":22,"column":9},"end":{"line":31,"column":31}}]},"4":{"type":"branch","line":31,"loc":{"start":{"line":31,"column":19},"end":{"line":31,"column":59}},"locations":[{"start":{"line":31,"column":19},"end":{"line":31,"column":59}}]},"5":{"type":"branch","line":31,"loc":{"start":{"line":31,"column":59},"end":{"line":108,"column":19}},"locations":[{"start":{"line":31,"column":59},"end":{"line":108,"column":19}}]},"6":{"type":"branch","line":33,"loc":{"start":{"line":33,"column":67},"end":{"line":34,"column":120}},"locations":[{"start":{"line":33,"column":67},"end":{"line":34,"column":120}}]},"7":{"type":"branch","line":36,"loc":{"start":{"line":36,"column":35},"end":{"line":47,"column":19}},"locations":[{"start":{"line":36,"column":35},"end":{"line":47,"column":19}}]},"8":{"type":"branch","line":47,"loc":{"start":{"line":47,"column":12},"end":{"line":107,"column":13}},"locations":[{"start":{"line":47,"column":12},"end":{"line":107,"column":13}}]},"9":{"type":"branch","line":97,"loc":{"start":{"line":97,"column":16},"end":{"line":106,"column":17}},"locations":[{"start":{"line":97,"column":16},"end":{"line":106,"column":17}}]},"10":{"type":"branch","line":108,"loc":{"start":{"line":108,"column":8},"end":{"line":115,"column":9}},"locations":[{"start":{"line":108,"column":8},"end":{"line":115,"column":9}}]},"11":{"type":"branch","line":108,"loc":{"start":{"line":108,"column":33},"end":{"line":115,"column":9}},"locations":[{"start":{"line":108,"column":33},"end":{"line":115,"column":9}}]},"12":{"type":"branch","line":108,"loc":{"start":{"line":108,"column":33},"end":{"line":110,"column":15}},"locations":[{"start":{"line":108,"column":33},"end":{"line":110,"column":15}}]},"13":{"type":"branch","line":110,"loc":{"start":{"line":110,"column":8},"end":{"line":115,"column":9}},"locations":[{"start":{"line":110,"column":8},"end":{"line":115,"column":9}}]},"14":{"type":"branch","line":116,"loc":{"start":{"line":116,"column":4},"end":{"line":120,"column":5}},"locations":[{"start":{"line":116,"column":4},"end":{"line":120,"column":5}}]},"15":{"type":"branch","line":38,"loc":{"start":{"line":38,"column":40},"end":{"line":46,"column":17}},"locations":[{"start":{"line":38,"column":40},"end":{"line":46,"column":17}}]},"16":{"type":"branch","line":40,"loc":{"start":{"line":40,"column":39},"end":{"line":42,"column":27}},"locations":[{"start":{"line":40,"column":39},"end":{"line":42,"column":27}}]},"17":{"type":"branch","line":42,"loc":{"start":{"line":42,"column":20},"end":{"line":44,"column":21}},"locations":[{"start":{"line":42,"column":20},"end":{"line":44,"column":21}}]},"18":{"type":"branch","line":50,"loc":{"start":{"line":50,"column":54},"end":{"line":50,"column":79}},"locations":[{"start":{"line":50,"column":54},"end":{"line":50,"column":79}}]},"19":{"type":"branch","line":65,"loc":{"start":{"line":65,"column":44},"end":{"line":74,"column":21}},"locations":[{"start":{"line":65,"column":44},"end":{"line":74,"column":21}}]},"20":{"type":"branch","line":70,"loc":{"start":{"line":70,"column":28},"end":{"line":72,"column":29}},"locations":[{"start":{"line":70,"column":28},"end":{"line":72,"column":29}}]}},"b":{"0":[17],"1":[2],"2":[15],"3":[13],"4":[9],"5":[8],"6":[4],"7":[6],"8":[2],"9":[0],"10":[5],"11":[4],"12":[2],"13":[3],"14":[2],"15":[14],"16":[8],"17":[6],"18":[2],"19":[2],"20":[0]},"fnMap":{"0":{"name":"window.uploadFile","decl":{"start":{"line":2,"column":20},"end":{"line":121,"column":2}},"loc":{"start":{"line":2,"column":20},"end":{"line":121,"column":2}},"line":2}},"f":{"0":17}}
}
